{"time":"2026-06-24 13:39:16,989","level":"INFO","node":0,"msg":"Starting node 0: City General Hospital"}
{"time":"2026-06-24 13:41:12,058","level":"INFO","node":0,"msg":"Starting node 0: City General Hospital"}
{"time":"2026-06-24 13:43:07,507","level":"INFO","node":0,"msg":"Starting node 0: City General Hospital"}
{"time":"2026-06-24 14:02:52,188","level":"INFO","node":0,"msg":"Starting node 0: City General Hospital"}
{"time":"2026-06-24 14:03:02,066","level":"WARNING","node":0,"msg":"DEV MODE: running without TLS"}
{"time":"2026-06-24 14:03:02,066","level":"INFO","node":0,"msg":"Listening on 192.168.1.101:8000 | TLS=False"}
{"time":"2026-06-24 14:30:17,290","level":"INFO","node":0,"msg":"Starting node 0: City General Hospital"}
{"time":"2026-06-24 14:30:29,073","level":"WARNING","node":0,"msg":"DEV MODE: running without TLS"}
{"time":"2026-06-24 14:30:29,073","level":"INFO","node":0,"msg":"Listening on 127.0.0.1:8000 | TLS=False"}
{"time":"2026-06-24 14:30:29,198","level":"INFO","node":0,"msg":"Starting round 1"}
{"time":"2026-06-24 14:30:32,157","level":"WARNING","node":0,"msg":"ZKP norm violation (clipping applied): Expected gradient dim 128, got 32"}
{"time":"2026-06-24 14:33:25,469","level":"INFO","node":0,"msg":"Starting node 0: City General Hospital"}
{"time":"2026-06-24 14:33:28,667","level":"WARNING","node":0,"msg":"DEV MODE: running without TLS"}
{"time":"2026-06-24 14:33:28,667","level":"INFO","node":0,"msg":"Listening on 127.0.0.1:8000 | TLS=False"}
{"time":"2026-06-24 14:33:28,872","level":"INFO","node":0,"msg":"Starting round 1"}
{"time":"2026-06-24 14:33:32,291","level":"ERROR","node":0,"msg":"Forward failed to https://127.0.0.1:8001: HTTPSConnectionPool(host='127.0.0.1', port=8001): Max retries exceeded with url: /receive_update (Caused by SSLError(SSLError(1, '[SSL: WRONG_VERSION_NUMBER] wrong version number (_ssl.c:1081)')))"}
{"time":"2026-06-24 14:49:43,925","level":"INFO","node":0,"msg":"Starting node 0: City General Hospital"}
{"time":"2026-06-24 14:49:47,155","level":"WARNING","node":0,"msg":"DEV MODE: running without TLS"}
{"time":"2026-06-24 14:49:47,155","level":"INFO","node":0,"msg":"Listening on 127.0.0.1:8000 | TLS=False"}
{"time":"2026-06-24 14:49:47,430","level":"INFO","node":0,"msg":"Starting round 1"}
{"time":"2026-06-24 14:49:49,320","level":"WARNING","node":0,"msg":"ZKP norm violation (clipping applied): Gradient norm violation: norm_sq=27017201696626 > bound=250000000000. Apply gradient clipping (C=0.5) before proving."}
{"time":"2026-06-24 14:49:51,861","level":"INFO","node":0,"msg":"Forwarded to http://127.0.0.1:8001"}
{"time":"2026-06-24 14:50:08,361","level":"INFO","node":0,"msg":"Received update from node 4, round 0"}
{"time":"2026-06-24 14:50:08,362","level":"INFO","node":0,"msg":"Round 1 complete — aggregating"}
{"time":"2026-06-24 14:50:08,393","level":"INFO","node":0,"msg":"Round 1 complete | accuracy=0.6818"}
{"time":"2026-06-24 14:50:08,894","level":"INFO","node":0,"msg":"Starting round 2"}
{"time":"2026-06-24 14:50:11,286","level":"INFO","node":0,"msg":"Forwarded to http://127.0.0.1:8001"}
{"time":"2026-06-24 14:50:21,189","level":"INFO","node":0,"msg":"Received update from node 4, round 1"}
{"time":"2026-06-24 14:50:21,190","level":"INFO","node":0,"msg":"Round 2 complete — aggregating"}
{"time":"2026-06-24 14:50:21,200","level":"INFO","node":0,"msg":"Round 2 complete | accuracy=0.6818"}
{"time":"2026-06-24 14:50:21,701","level":"INFO","node":0,"msg":"Starting round 3"}
{"time":"2026-06-24 14:50:23,786","level":"INFO","node":0,"msg":"Forwarded to http://127.0.0.1:8001"}
{"time":"2026-06-24 14:50:33,562","level":"INFO","node":0,"msg":"Received update from node 4, round 2"}
{"time":"2026-06-24 14:50:33,562","level":"INFO","node":0,"msg":"Round 3 complete — aggregating"}
{"time":"2026-06-24 14:50:33,567","level":"INFO","node":0,"msg":"Round 3 complete | accuracy=0.6818"}
{"time":"2026-06-24 14:50:34,068","level":"INFO","node":0,"msg":"Starting round 4"}
{"time":"2026-06-24 14:50:36,297","level":"INFO","node":0,"msg":"Forwarded to http://127.0.0.1:8001"}
{"time":"2026-06-24 14:50:45,771","level":"INFO","node":0,"msg":"Received update from node 4, round 3"}
{"time":"2026-06-24 14:50:45,771","level":"INFO","node":0,"msg":"Round 4 complete — aggregating"}
{"time":"2026-06-24 14:50:45,777","level":"INFO","node":0,"msg":"Round 4 complete | accuracy=0.6818"}
{"time":"2026-06-24 14:50:46,279","level":"INFO","node":0,"msg":"Starting round 5"}
{"time":"2026-06-24 14:50:48,437","level":"INFO","node":0,"msg":"Forwarded to http://127.0.0.1:8001"}
{"time":"2026-06-24 14:50:57,611","level":"INFO","node":0,"msg":"Received update from node 4, round 4"}
{"time":"2026-06-24 14:50:57,611","level":"INFO","node":0,"msg":"Round 5 complete — aggregating"}
{"time":"2026-06-24 14:50:57,618","level":"INFO","node":0,"msg":"Round 5 complete | accuracy=0.6818"}
{"time":"2026-06-24 14:50:58,119","level":"INFO","node":0,"msg":"Starting round 6"}
{"time":"2026-06-24 14:51:00,144","level":"INFO","node":0,"msg":"Forwarded to http://127.0.0.1:8001"}
{"time":"2026-06-24 14:51:08,676","level":"INFO","node":0,"msg":"Received update from node 4, round 5"}
{"time":"2026-06-24 14:51:08,676","level":"INFO","node":0,"msg":"Round 6 complete — aggregating"}
{"time":"2026-06-24 14:51:08,680","level":"INFO","node":0,"msg":"Round 6 complete | accuracy=0.6818"}
{"time":"2026-06-24 14:51:09,180","level":"INFO","node":0,"msg":"Starting round 7"}
{"time":"2026-06-24 14:51:11,267","level":"INFO","node":0,"msg":"Forwarded to http://127.0.0.1:8001"}
{"time":"2026-06-24 14:51:19,715","level":"INFO","node":0,"msg":"Received update from node 4, round 6"}
{"time":"2026-06-24 14:51:19,715","level":"INFO","node":0,"msg":"Round 7 complete — aggregating"}
{"time":"2026-06-24 14:51:19,724","level":"INFO","node":0,"msg":"Round 7 complete | accuracy=0.6818"}
{"time":"2026-06-24 14:51:20,225","level":"INFO","node":0,"msg":"Starting round 8"}
{"time":"2026-06-24 14:51:22,247","level":"INFO","node":0,"msg":"Forwarded to http://127.0.0.1:8001"}
{"time":"2026-06-24 14:51:30,604","level":"INFO","node":0,"msg":"Received update from node 4, round 7"}
{"time":"2026-06-24 14:51:30,604","level":"INFO","node":0,"msg":"Round 8 complete — aggregating"}
{"time":"2026-06-24 14:51:30,611","level":"INFO","node":0,"msg":"Round 8 complete | accuracy=0.6818"}
{"time":"2026-06-24 14:51:31,112","level":"INFO","node":0,"msg":"Starting round 9"}
{"time":"2026-06-24 14:51:33,086","level":"INFO","node":0,"msg":"Forwarded to http://127.0.0.1:8001"}
{"time":"2026-06-24 14:51:41,476","level":"INFO","node":0,"msg":"Received update from node 4, round 8"}
{"time":"2026-06-24 14:51:41,476","level":"INFO","node":0,"msg":"Round 9 complete — aggregating"}
{"time":"2026-06-24 14:51:41,480","level":"INFO","node":0,"msg":"Round 9 complete | accuracy=0.6818"}
{"time":"2026-06-24 14:51:41,982","level":"INFO","node":0,"msg":"Starting round 10"}
{"time":"2026-06-24 14:51:43,900","level":"INFO","node":0,"msg":"Forwarded to http://127.0.0.1:8001"}
{"time":"2026-06-24 14:51:52,568","level":"INFO","node":0,"msg":"Received update from node 4, round 9"}
{"time":"2026-06-24 14:51:52,568","level":"INFO","node":0,"msg":"Round 10 complete — aggregating"}
{"time":"2026-06-24 14:51:52,576","level":"INFO","node":0,"msg":"Round 10 complete | accuracy=0.6818"}
{"time":"2026-06-24 14:51:53,077","level":"INFO","node":0,"msg":"Starting round 11"}
{"time":"2026-06-24 14:51:55,041","level":"INFO","node":0,"msg":"Forwarded to http://127.0.0.1:8001"}
{"time":"2026-06-24 14:52:03,576","level":"INFO","node":0,"msg":"Received update from node 4, round 10"}
{"time":"2026-06-24 14:52:03,577","level":"INFO","node":0,"msg":"Round 11 complete — aggregating"}
{"time":"2026-06-24 14:52:03,581","level":"INFO","node":0,"msg":"Round 11 complete | accuracy=0.6818"}
{"time":"2026-06-24 14:52:04,081","level":"INFO","node":0,"msg":"Starting round 12"}
{"time":"2026-06-24 14:52:06,087","level":"INFO","node":0,"msg":"Forwarded to http://127.0.0.1:8001"}
{"time":"2026-06-24 14:52:14,792","level":"INFO","node":0,"msg":"Received update from node 4, round 11"}
{"time":"2026-06-24 14:52:14,793","level":"INFO","node":0,"msg":"Round 12 complete — aggregating"}
{"time":"2026-06-24 14:52:14,797","level":"INFO","node":0,"msg":"Round 12 complete | accuracy=0.6818"}
{"time":"2026-06-24 14:52:15,298","level":"INFO","node":0,"msg":"Starting round 13"}
{"time":"2026-06-24 14:52:17,243","level":"INFO","node":0,"msg":"Forwarded to http://127.0.0.1:8001"}
{"time":"2026-06-24 14:52:25,796","level":"INFO","node":0,"msg":"Received update from node 4, round 12"}
{"time":"2026-06-24 14:52:25,797","level":"INFO","node":0,"msg":"Round 13 complete — aggregating"}
{"time":"2026-06-24 14:52:25,802","level":"INFO","node":0,"msg":"Round 13 complete | accuracy=0.6818"}
{"time":"2026-06-24 14:52:26,303","level":"INFO","node":0,"msg":"Starting round 14"}
{"time":"2026-06-24 14:52:28,294","level":"INFO","node":0,"msg":"Forwarded to http://127.0.0.1:8001"}
{"time":"2026-06-24 14:52:37,153","level":"INFO","node":0,"msg":"Received update from node 4, round 13"}
{"time":"2026-06-24 14:52:37,154","level":"INFO","node":0,"msg":"Round 14 complete — aggregating"}
{"time":"2026-06-24 14:52:37,159","level":"INFO","node":0,"msg":"Round 14 complete | accuracy=0.6818"}
{"time":"2026-06-24 14:52:37,660","level":"INFO","node":0,"msg":"Starting round 15"}
{"time":"2026-06-24 14:52:39,537","level":"INFO","node":0,"msg":"Forwarded to http://127.0.0.1:8001"}
{"time":"2026-06-24 14:52:48,147","level":"INFO","node":0,"msg":"Received update from node 4, round 14"}
{"time":"2026-06-24 14:52:48,147","level":"INFO","node":0,"msg":"Round 15 complete — aggregating"}
{"time":"2026-06-24 14:52:48,154","level":"INFO","node":0,"msg":"Round 15 complete | accuracy=0.6818"}
{"time":"2026-06-24 14:52:48,655","level":"INFO","node":0,"msg":"Starting round 16"}
{"time":"2026-06-24 14:52:50,699","level":"INFO","node":0,"msg":"Forwarded to http://127.0.0.1:8001"}
{"time":"2026-06-24 14:52:59,285","level":"INFO","node":0,"msg":"Received update from node 4, round 15"}
{"time":"2026-06-24 14:52:59,285","level":"INFO","node":0,"msg":"Round 16 complete — aggregating"}
{"time":"2026-06-24 14:52:59,290","level":"INFO","node":0,"msg":"Round 16 complete | accuracy=0.6818"}
{"time":"2026-06-24 14:52:59,791","level":"INFO","node":0,"msg":"Starting round 17"}
{"time":"2026-06-24 14:53:01,729","level":"INFO","node":0,"msg":"Forwarded to http://127.0.0.1:8001"}
{"time":"2026-06-24 14:53:10,391","level":"INFO","node":0,"msg":"Received update from node 4, round 16"}
{"time":"2026-06-24 14:53:10,392","level":"INFO","node":0,"msg":"Round 17 complete — aggregating"}
{"time":"2026-06-24 14:53:10,396","level":"INFO","node":0,"msg":"Round 17 complete | accuracy=0.6818"}
{"time":"2026-06-24 14:53:10,897","level":"INFO","node":0,"msg":"Starting round 18"}
{"time":"2026-06-24 14:53:12,771","level":"INFO","node":0,"msg":"Forwarded to http://127.0.0.1:8001"}
{"time":"2026-06-24 14:53:21,355","level":"INFO","node":0,"msg":"Received update from node 4, round 17"}
{"time":"2026-06-24 14:53:21,356","level":"INFO","node":0,"msg":"Round 18 complete — aggregating"}
{"time":"2026-06-24 14:53:21,360","level":"INFO","node":0,"msg":"Round 18 complete | accuracy=0.6818"}
{"time":"2026-06-24 14:53:21,861","level":"INFO","node":0,"msg":"Starting round 19"}
{"time":"2026-06-24 14:53:23,797","level":"INFO","node":0,"msg":"Forwarded to http://127.0.0.1:8001"}
{"time":"2026-06-24 14:53:32,499","level":"INFO","node":0,"msg":"Received update from node 4, round 18"}
{"time":"2026-06-24 14:53:32,499","level":"INFO","node":0,"msg":"Round 19 complete — aggregating"}
{"time":"2026-06-24 14:53:32,509","level":"INFO","node":0,"msg":"Round 19 complete | accuracy=0.6818"}
{"time":"2026-06-24 14:53:33,010","level":"INFO","node":0,"msg":"Starting round 20"}
{"time":"2026-06-24 14:53:35,087","level":"INFO","node":0,"msg":"Forwarded to http://127.0.0.1:8001"}
{"time":"2026-06-24 14:53:43,704","level":"INFO","node":0,"msg":"Received update from node 4, round 19"}
{"time":"2026-06-24 14:53:43,704","level":"INFO","node":0,"msg":"Round 20 complete — aggregating"}
{"time":"2026-06-24 14:53:43,709","level":"INFO","node":0,"msg":"Round 20 complete | accuracy=0.6818"}
{"time":"2026-06-24 14:53:43,709","level":"INFO","node":0,"msg":"Training complete after 20 rounds"}
{"time":"2026-06-24 17:11:54,483","level":"INFO","node":0,"msg":"Starting node 0: City General Hospital"}
{"time":"2026-06-24 17:11:58,063","level":"WARNING","node":0,"msg":"DEV MODE: running without TLS"}
{"time":"2026-06-24 17:11:58,064","level":"INFO","node":0,"msg":"Listening on 192.168.1.101:8000 | TLS=False"}
{"time":"2026-06-24 17:13:31,697","level":"INFO","node":0,"msg":"Starting node 0: City General Hospital"}
{"time":"2026-06-24 17:13:34,494","level":"WARNING","node":0,"msg":"DEV MODE: running without TLS"}
{"time":"2026-06-24 17:13:34,494","level":"INFO","node":0,"msg":"Listening on 127.0.0.1:8000 | TLS=False"}
{"time":"2026-06-24 17:13:34,943","level":"INFO","node":0,"msg":"Starting round 1"}
{"time":"2026-06-24 17:14:27,267","level":"INFO","node":0,"msg":"Starting node 0: City General Hospital"}
{"time":"2026-06-24 17:14:30,141","level":"WARNING","node":0,"msg":"DEV MODE: running without TLS"}
{"time":"2026-06-24 17:14:30,141","level":"INFO","node":0,"msg":"Listening on 127.0.0.1:8000 | TLS=False"}
{"time":"2026-06-24 17:14:31,091","level":"INFO","node":0,"msg":"Starting round 1"}
{"time":"2026-06-24 17:14:32,650","level":"WARNING","node":0,"msg":"ZKP norm violation (clipping applied): Gradient norm violation: norm_sq=42688716747147 > bound=250000000000. Apply gradient clipping (C=0.5) before proving."}
{"time":"2026-06-24 17:14:34,940","level":"INFO","node":0,"msg":"Forwarded to http://127.0.0.1:8001"}
{"time":"2026-06-24 17:14:48,708","level":"INFO","node":0,"msg":"Received update from node 4, round 0"}
{"time":"2026-06-24 17:14:48,709","level":"INFO","node":0,"msg":"Round 1 complete — aggregating"}
{"time":"2026-06-24 17:14:48,744","level":"INFO","node":0,"msg":"Broadcast weights to node 1"}
{"time":"2026-06-24 17:14:48,776","level":"INFO","node":0,"msg":"Broadcast weights to node 2"}
{"time":"2026-06-24 17:14:48,806","level":"INFO","node":0,"msg":"Broadcast weights to node 3"}
{"time":"2026-06-24 17:14:48,840","level":"INFO","node":0,"msg":"Broadcast weights to node 4"}
{"time":"2026-06-24 17:14:48,883","level":"INFO","node":0,"msg":"Round 1 complete | accuracy=0.6818"}
{"time":"2026-06-24 17:14:49,385","level":"INFO","node":0,"msg":"Starting round 2"}
{"time":"2026-06-24 17:14:51,478","level":"INFO","node":0,"msg":"Forwarded to http://127.0.0.1:8001"}
{"time":"2026-06-24 17:14:59,441","level":"INFO","node":0,"msg":"Received update from node 4, round 1"}
{"time":"2026-06-24 17:14:59,441","level":"INFO","node":0,"msg":"Round 2 complete — aggregating"}
{"time":"2026-06-24 17:14:59,479","level":"INFO","node":0,"msg":"Broadcast weights to node 1"}
{"time":"2026-06-24 17:14:59,509","level":"INFO","node":0,"msg":"Broadcast weights to node 2"}
{"time":"2026-06-24 17:14:59,539","level":"INFO","node":0,"msg":"Broadcast weights to node 3"}
{"time":"2026-06-24 17:14:59,569","level":"INFO","node":0,"msg":"Broadcast weights to node 4"}
{"time":"2026-06-24 17:14:59,575","level":"INFO","node":0,"msg":"Round 2 complete | accuracy=0.6818"}
{"time":"2026-06-24 17:15:00,077","level":"INFO","node":0,"msg":"Starting round 3"}
{"time":"2026-06-24 17:15:02,098","level":"INFO","node":0,"msg":"Forwarded to http://127.0.0.1:8001"}
{"time":"2026-06-24 17:15:10,471","level":"INFO","node":0,"msg":"Received update from node 4, round 2"}
{"time":"2026-06-24 17:15:10,471","level":"INFO","node":0,"msg":"Round 3 complete — aggregating"}
{"time":"2026-06-24 17:15:10,480","level":"INFO","node":0,"msg":"Broadcast weights to node 1"}
{"time":"2026-06-24 17:15:10,507","level":"INFO","node":0,"msg":"Broadcast weights to node 2"}
{"time":"2026-06-24 17:15:10,517","level":"INFO","node":0,"msg":"Broadcast weights to node 3"}
{"time":"2026-06-24 17:15:10,550","level":"INFO","node":0,"msg":"Broadcast weights to node 4"}
{"time":"2026-06-24 17:15:10,555","level":"INFO","node":0,"msg":"Round 3 complete | accuracy=0.6818"}
{"time":"2026-06-24 17:15:11,057","level":"INFO","node":0,"msg":"Starting round 4"}
{"time":"2026-06-24 17:15:13,163","level":"INFO","node":0,"msg":"Forwarded to http://127.0.0.1:8001"}
{"time":"2026-06-24 17:15:21,736","level":"INFO","node":0,"msg":"Received update from node 4, round 3"}
{"time":"2026-06-24 17:15:21,737","level":"INFO","node":0,"msg":"Round 4 complete — aggregating"}
{"time":"2026-06-24 17:15:21,764","level":"INFO","node":0,"msg":"Broadcast weights to node 1"}
{"time":"2026-06-24 17:15:21,795","level":"INFO","node":0,"msg":"Broadcast weights to node 2"}
{"time":"2026-06-24 17:15:21,826","level":"INFO","node":0,"msg":"Broadcast weights to node 3"}
{"time":"2026-06-24 17:15:21,835","level":"INFO","node":0,"msg":"Broadcast weights to node 4"}
{"time":"2026-06-24 17:15:21,843","level":"INFO","node":0,"msg":"Round 4 complete | accuracy=0.6818"}
{"time":"2026-06-24 17:15:22,345","level":"INFO","node":0,"msg":"Starting round 5"}
{"time":"2026-06-24 17:15:24,333","level":"INFO","node":0,"msg":"Forwarded to http://127.0.0.1:8001"}
{"time":"2026-06-24 17:15:33,000","level":"INFO","node":0,"msg":"Received update from node 4, round 4"}
{"time":"2026-06-24 17:15:33,000","level":"INFO","node":0,"msg":"Round 5 complete — aggregating"}
{"time":"2026-06-24 17:15:33,035","level":"INFO","node":0,"msg":"Broadcast weights to node 1"}
{"time":"2026-06-24 17:15:33,043","level":"INFO","node":0,"msg":"Broadcast weights to node 2"}
{"time":"2026-06-24 17:15:33,053","level":"INFO","node":0,"msg":"Broadcast weights to node 3"}
{"time":"2026-06-24 17:15:33,083","level":"INFO","node":0,"msg":"Broadcast weights to node 4"}
{"time":"2026-06-24 17:15:33,086","level":"INFO","node":0,"msg":"Round 5 complete | accuracy=0.6818"}
{"time":"2026-06-24 17:15:33,588","level":"INFO","node":0,"msg":"Starting round 6"}
{"time":"2026-06-24 17:15:35,493","level":"INFO","node":0,"msg":"Forwarded to http://127.0.0.1:8001"}
{"time":"2026-06-24 17:15:45,623","level":"INFO","node":0,"msg":"Received update from node 4, round 5"}
{"time":"2026-06-24 17:15:45,623","level":"INFO","node":0,"msg":"Round 6 complete — aggregating"}
{"time":"2026-06-24 17:15:45,655","level":"INFO","node":0,"msg":"Broadcast weights to node 1"}
{"time":"2026-06-24 17:15:45,664","level":"INFO","node":0,"msg":"Broadcast weights to node 2"}
{"time":"2026-06-24 17:15:45,693","level":"INFO","node":0,"msg":"Broadcast weights to node 3"}
{"time":"2026-06-24 17:15:45,724","level":"INFO","node":0,"msg":"Broadcast weights to node 4"}
{"time":"2026-06-24 17:15:45,730","level":"INFO","node":0,"msg":"Round 6 complete | accuracy=0.6818"}
{"time":"2026-06-24 17:15:46,232","level":"INFO","node":0,"msg":"Starting round 7"}
{"time":"2026-06-24 17:15:48,183","level":"INFO","node":0,"msg":"Forwarded to http://127.0.0.1:8001"}
{"time":"2026-06-24 17:15:57,015","level":"INFO","node":0,"msg":"Received update from node 4, round 6"}
{"time":"2026-06-24 17:15:57,015","level":"INFO","node":0,"msg":"Round 7 complete — aggregating"}
{"time":"2026-06-24 17:15:57,022","level":"INFO","node":0,"msg":"Broadcast weights to node 1"}
{"time":"2026-06-24 17:15:57,053","level":"INFO","node":0,"msg":"Broadcast weights to node 2"}
{"time":"2026-06-24 17:15:57,086","level":"INFO","node":0,"msg":"Broadcast weights to node 3"}
{"time":"2026-06-24 17:15:57,100","level":"INFO","node":0,"msg":"Broadcast weights to node 4"}
{"time":"2026-06-24 17:15:57,121","level":"INFO","node":0,"msg":"Round 7 complete | accuracy=0.6818"}
{"time":"2026-06-24 17:15:57,624","level":"INFO","node":0,"msg":"Starting round 8"}
{"time":"2026-06-24 17:15:59,936","level":"INFO","node":0,"msg":"Forwarded to http://127.0.0.1:8001"}
{"time":"2026-06-24 17:16:08,885","level":"INFO","node":0,"msg":"Received update from node 4, round 7"}
{"time":"2026-06-24 17:16:08,886","level":"INFO","node":0,"msg":"Round 8 complete — aggregating"}
{"time":"2026-06-24 17:16:08,898","level":"INFO","node":0,"msg":"Broadcast weights to node 1"}
{"time":"2026-06-24 17:16:08,929","level":"INFO","node":0,"msg":"Broadcast weights to node 2"}
{"time":"2026-06-24 17:16:08,960","level":"INFO","node":0,"msg":"Broadcast weights to node 3"}
{"time":"2026-06-24 17:16:08,991","level":"INFO","node":0,"msg":"Broadcast weights to node 4"}
{"time":"2026-06-24 17:16:08,997","level":"INFO","node":0,"msg":"Round 8 complete | accuracy=0.6818"}
{"time":"2026-06-24 17:16:09,499","level":"INFO","node":0,"msg":"Starting round 9"}
{"time":"2026-06-24 17:16:11,656","level":"INFO","node":0,"msg":"Forwarded to http://127.0.0.1:8001"}
{"time":"2026-06-24 17:16:20,258","level":"INFO","node":0,"msg":"Received update from node 4, round 8"}
{"time":"2026-06-24 17:16:20,258","level":"INFO","node":0,"msg":"Round 9 complete — aggregating"}
{"time":"2026-06-24 17:16:20,270","level":"INFO","node":0,"msg":"Broadcast weights to node 1"}
{"time":"2026-06-24 17:16:20,280","level":"INFO","node":0,"msg":"Broadcast weights to node 2"}
{"time":"2026-06-24 17:16:20,296","level":"INFO","node":0,"msg":"Broadcast weights to node 3"}
{"time":"2026-06-24 17:16:20,327","level":"INFO","node":0,"msg":"Broadcast weights to node 4"}
{"time":"2026-06-24 17:16:20,333","level":"INFO","node":0,"msg":"Round 9 complete | accuracy=0.6818"}
{"time":"2026-06-24 17:16:20,835","level":"INFO","node":0,"msg":"Starting round 10"}
{"time":"2026-06-24 17:16:23,011","level":"INFO","node":0,"msg":"Forwarded to http://127.0.0.1:8001"}
{"time":"2026-06-24 17:16:31,723","level":"INFO","node":0,"msg":"Received update from node 4, round 9"}
{"time":"2026-06-24 17:16:31,723","level":"INFO","node":0,"msg":"Round 10 complete — aggregating"}
{"time":"2026-06-24 17:16:31,729","level":"INFO","node":0,"msg":"Broadcast weights to node 1"}
{"time":"2026-06-24 17:16:31,736","level":"INFO","node":0,"msg":"Broadcast weights to node 2"}
{"time":"2026-06-24 17:16:31,765","level":"INFO","node":0,"msg":"Broadcast weights to node 3"}
{"time":"2026-06-24 17:16:31,772","level":"INFO","node":0,"msg":"Broadcast weights to node 4"}
{"time":"2026-06-24 17:16:31,782","level":"INFO","node":0,"msg":"Round 10 complete | accuracy=0.6818"}
{"time":"2026-06-24 17:16:32,283","level":"INFO","node":0,"msg":"Starting round 11"}
{"time":"2026-06-24 17:16:34,506","level":"INFO","node":0,"msg":"Forwarded to http://127.0.0.1:8001"}
{"time":"2026-06-24 17:16:43,467","level":"INFO","node":0,"msg":"Received update from node 4, round 10"}
{"time":"2026-06-24 17:16:43,468","level":"INFO","node":0,"msg":"Round 11 complete — aggregating"}
{"time":"2026-06-24 17:16:43,501","level":"INFO","node":0,"msg":"Broadcast weights to node 1"}
{"time":"2026-06-24 17:16:43,508","level":"INFO","node":0,"msg":"Broadcast weights to node 2"}
{"time":"2026-06-24 17:16:43,518","level":"INFO","node":0,"msg":"Broadcast weights to node 3"}
{"time":"2026-06-24 17:16:43,549","level":"INFO","node":0,"msg":"Broadcast weights to node 4"}
{"time":"2026-06-24 17:16:43,555","level":"INFO","node":0,"msg":"Round 11 complete | accuracy=0.6818"}
{"time":"2026-06-24 17:16:44,056","level":"INFO","node":0,"msg":"Starting round 12"}
{"time":"2026-06-24 17:16:46,274","level":"INFO","node":0,"msg":"Forwarded to http://127.0.0.1:8001"}
{"time":"2026-06-24 17:16:55,245","level":"INFO","node":0,"msg":"Received update from node 4, round 11"}
{"time":"2026-06-24 17:16:55,246","level":"INFO","node":0,"msg":"Round 12 complete — aggregating"}
{"time":"2026-06-24 17:16:55,281","level":"INFO","node":0,"msg":"Broadcast weights to node 1"}
{"time":"2026-06-24 17:16:55,311","level":"INFO","node":0,"msg":"Broadcast weights to node 2"}
{"time":"2026-06-24 17:16:55,345","level":"INFO","node":0,"msg":"Broadcast weights to node 3"}
{"time":"2026-06-24 17:16:55,376","level":"INFO","node":0,"msg":"Broadcast weights to node 4"}
{"time":"2026-06-24 17:16:55,382","level":"INFO","node":0,"msg":"Round 12 complete | accuracy=0.6818"}
{"time":"2026-06-24 17:16:55,883","level":"INFO","node":0,"msg":"Starting round 13"}
{"time":"2026-06-24 17:16:58,254","level":"INFO","node":0,"msg":"Forwarded to http://127.0.0.1:8001"}
{"time":"2026-06-24 17:17:07,385","level":"INFO","node":0,"msg":"Received update from node 4, round 12"}
{"time":"2026-06-24 17:17:07,386","level":"INFO","node":0,"msg":"Round 13 complete — aggregating"}
{"time":"2026-06-24 17:17:07,395","level":"INFO","node":0,"msg":"Broadcast weights to node 1"}
{"time":"2026-06-24 17:17:07,404","level":"INFO","node":0,"msg":"Broadcast weights to node 2"}
{"time":"2026-06-24 17:17:07,411","level":"INFO","node":0,"msg":"Broadcast weights to node 3"}
{"time":"2026-06-24 17:17:07,435","level":"INFO","node":0,"msg":"Broadcast weights to node 4"}
{"time":"2026-06-24 17:17:07,443","level":"INFO","node":0,"msg":"Round 13 complete | accuracy=0.6818"}
{"time":"2026-06-24 17:17:07,944","level":"INFO","node":0,"msg":"Starting round 14"}
{"time":"2026-06-24 17:17:10,140","level":"INFO","node":0,"msg":"Forwarded to http://127.0.0.1:8001"}
{"time":"2026-06-24 17:17:19,757","level":"INFO","node":0,"msg":"Received update from node 4, round 13"}
{"time":"2026-06-24 17:17:19,757","level":"INFO","node":0,"msg":"Round 14 complete — aggregating"}
{"time":"2026-06-24 17:17:19,769","level":"INFO","node":0,"msg":"Broadcast weights to node 1"}
{"time":"2026-06-24 17:17:19,779","level":"INFO","node":0,"msg":"Broadcast weights to node 2"}
{"time":"2026-06-24 17:17:19,809","level":"INFO","node":0,"msg":"Broadcast weights to node 3"}
{"time":"2026-06-24 17:17:19,840","level":"INFO","node":0,"msg":"Broadcast weights to node 4"}
{"time":"2026-06-24 17:17:19,845","level":"INFO","node":0,"msg":"Round 14 complete | accuracy=0.6818"}
{"time":"2026-06-24 17:17:20,346","level":"INFO","node":0,"msg":"Starting round 15"}
{"time":"2026-06-24 17:17:22,582","level":"INFO","node":0,"msg":"Forwarded to http://127.0.0.1:8001"}
{"time":"2026-06-24 17:17:31,491","level":"INFO","node":0,"msg":"Received update from node 4, round 14"}
{"time":"2026-06-24 17:17:31,492","level":"INFO","node":0,"msg":"Round 15 complete — aggregating"}
{"time":"2026-06-24 17:17:31,498","level":"INFO","node":0,"msg":"Broadcast weights to node 1"}
{"time":"2026-06-24 17:17:31,523","level":"INFO","node":0,"msg":"Broadcast weights to node 2"}
{"time":"2026-06-24 17:17:31,537","level":"INFO","node":0,"msg":"Broadcast weights to node 3"}
{"time":"2026-06-24 17:17:31,551","level":"INFO","node":0,"msg":"Broadcast weights to node 4"}
{"time":"2026-06-24 17:17:31,563","level":"INFO","node":0,"msg":"Round 15 complete | accuracy=0.6818"}
{"time":"2026-06-24 17:17:32,065","level":"INFO","node":0,"msg":"Starting round 16"}
{"time":"2026-06-24 17:17:34,242","level":"INFO","node":0,"msg":"Forwarded to http://127.0.0.1:8001"}
{"time":"2026-06-24 17:17:43,231","level":"INFO","node":0,"msg":"Received update from node 4, round 15"}
{"time":"2026-06-24 17:17:43,232","level":"INFO","node":0,"msg":"Round 16 complete — aggregating"}
{"time":"2026-06-24 17:17:43,267","level":"INFO","node":0,"msg":"Broadcast weights to node 1"}
{"time":"2026-06-24 17:17:43,296","level":"INFO","node":0,"msg":"Broadcast weights to node 2"}
{"time":"2026-06-24 17:17:43,328","level":"INFO","node":0,"msg":"Broadcast weights to node 3"}
{"time":"2026-06-24 17:17:43,357","level":"INFO","node":0,"msg":"Broadcast weights to node 4"}
{"time":"2026-06-24 17:17:43,364","level":"INFO","node":0,"msg":"Round 16 complete | accuracy=0.6818"}
{"time":"2026-06-24 17:17:43,866","level":"INFO","node":0,"msg":"Starting round 17"}
{"time":"2026-06-24 17:17:46,090","level":"INFO","node":0,"msg":"Forwarded to http://127.0.0.1:8001"}
{"time":"2026-06-24 17:17:55,084","level":"INFO","node":0,"msg":"Received update from node 4, round 16"}
{"time":"2026-06-24 17:17:55,084","level":"INFO","node":0,"msg":"Round 17 complete — aggregating"}
{"time":"2026-06-24 17:17:55,120","level":"INFO","node":0,"msg":"Broadcast weights to node 1"}
{"time":"2026-06-24 17:17:55,143","level":"INFO","node":0,"msg":"Broadcast weights to node 2"}
{"time":"2026-06-24 17:17:55,154","level":"INFO","node":0,"msg":"Broadcast weights to node 3"}
{"time":"2026-06-24 17:17:55,174","level":"INFO","node":0,"msg":"Broadcast weights to node 4"}
{"time":"2026-06-24 17:17:55,182","level":"INFO","node":0,"msg":"Round 17 complete | accuracy=0.6818"}
{"time":"2026-06-24 17:17:55,684","level":"INFO","node":0,"msg":"Starting round 18"}
{"time":"2026-06-24 17:17:57,918","level":"INFO","node":0,"msg":"Forwarded to http://127.0.0.1:8001"}
{"time":"2026-06-24 17:18:06,849","level":"INFO","node":0,"msg":"Received update from node 4, round 17"}
{"time":"2026-06-24 17:18:06,850","level":"INFO","node":0,"msg":"Round 18 complete — aggregating"}
{"time":"2026-06-24 17:18:06,883","level":"INFO","node":0,"msg":"Broadcast weights to node 1"}
{"time":"2026-06-24 17:18:06,913","level":"INFO","node":0,"msg":"Broadcast weights to node 2"}
{"time":"2026-06-24 17:18:06,947","level":"INFO","node":0,"msg":"Broadcast weights to node 3"}
{"time":"2026-06-24 17:18:06,976","level":"INFO","node":0,"msg":"Broadcast weights to node 4"}
{"time":"2026-06-24 17:18:06,982","level":"INFO","node":0,"msg":"Round 18 complete | accuracy=0.6818"}
{"time":"2026-06-24 17:18:07,484","level":"INFO","node":0,"msg":"Starting round 19"}
{"time":"2026-06-24 17:18:09,675","level":"INFO","node":0,"msg":"Forwarded to http://127.0.0.1:8001"}
{"time":"2026-06-24 17:18:18,746","level":"INFO","node":0,"msg":"Received update from node 4, round 18"}
{"time":"2026-06-24 17:18:18,746","level":"INFO","node":0,"msg":"Round 19 complete — aggregating"}
{"time":"2026-06-24 17:18:18,774","level":"INFO","node":0,"msg":"Broadcast weights to node 1"}
{"time":"2026-06-24 17:18:18,809","level":"INFO","node":0,"msg":"Broadcast weights to node 2"}
{"time":"2026-06-24 17:18:18,839","level":"INFO","node":0,"msg":"Broadcast weights to node 3"}
{"time":"2026-06-24 17:18:18,859","level":"INFO","node":0,"msg":"Broadcast weights to node 4"}
{"time":"2026-06-24 17:18:18,863","level":"INFO","node":0,"msg":"Round 19 complete | accuracy=0.6818"}
{"time":"2026-06-24 17:18:19,364","level":"INFO","node":0,"msg":"Starting round 20"}
{"time":"2026-06-24 17:18:21,547","level":"INFO","node":0,"msg":"Forwarded to http://127.0.0.1:8001"}
{"time":"2026-06-24 17:18:30,593","level":"INFO","node":0,"msg":"Received update from node 4, round 19"}
{"time":"2026-06-24 17:18:30,594","level":"INFO","node":0,"msg":"Round 20 complete — aggregating"}
{"time":"2026-06-24 17:18:30,629","level":"INFO","node":0,"msg":"Broadcast weights to node 1"}
{"time":"2026-06-24 17:18:30,661","level":"INFO","node":0,"msg":"Broadcast weights to node 2"}
{"time":"2026-06-24 17:18:30,669","level":"INFO","node":0,"msg":"Broadcast weights to node 3"}
{"time":"2026-06-24 17:18:30,681","level":"INFO","node":0,"msg":"Broadcast weights to node 4"}
{"time":"2026-06-24 17:18:30,690","level":"INFO","node":0,"msg":"Round 20 complete | accuracy=0.6818"}
{"time":"2026-06-24 17:18:30,690","level":"INFO","node":0,"msg":"Training complete after 20 rounds"}
{"time":"2026-06-24 17:33:10,889","level":"INFO","node":0,"msg":"Starting node 0: City General Hospital"}
{"time":"2026-06-24 17:33:13,728","level":"WARNING","node":0,"msg":"DEV MODE: running without TLS"}
{"time":"2026-06-24 17:33:13,728","level":"INFO","node":0,"msg":"Listening on 127.0.0.1:8000 | TLS=False"}
{"time":"2026-06-24 17:33:14,680","level":"INFO","node":0,"msg":"Starting round 1"}
{"time":"2026-06-24 17:36:27,657","level":"INFO","node":0,"msg":"Starting node 0: City General Hospital"}
{"time":"2026-06-24 17:36:30,492","level":"WARNING","node":0,"msg":"DEV MODE: running without TLS"}
{"time":"2026-06-24 17:36:30,492","level":"INFO","node":0,"msg":"Listening on 127.0.0.1:8000 | TLS=False"}
{"time":"2026-06-24 17:36:31,417","level":"INFO","node":0,"msg":"Starting round 1"}
{"time":"2026-06-24 17:36:32,923","level":"WARNING","node":0,"msg":"ZKP norm violation (clipping applied): Gradient norm violation: norm_sq=34235597825215 > bound=250000000000. Apply gradient clipping (C=0.5) before proving."}
{"time":"2026-06-24 17:36:35,374","level":"INFO","node":0,"msg":"Forwarded to http://127.0.0.1:8001"}
{"time":"2026-06-24 17:36:50,146","level":"INFO","node":0,"msg":"Received update from node 4, round 0"}
{"time":"2026-06-24 17:36:50,146","level":"INFO","node":0,"msg":"Round 1 complete — aggregating"}
{"time":"2026-06-24 17:36:50,157","level":"INFO","node":0,"msg":"Broadcast weights to node 1"}
{"time":"2026-06-24 17:36:50,189","level":"INFO","node":0,"msg":"Broadcast weights to node 2"}
{"time":"2026-06-24 17:36:50,198","level":"INFO","node":0,"msg":"Broadcast weights to node 3"}
{"time":"2026-06-24 17:36:50,209","level":"INFO","node":0,"msg":"Broadcast weights to node 4"}
{"time":"2026-06-24 17:36:50,217","level":"INFO","node":0,"msg":"Round 1 complete | accuracy=0.6727"}
{"time":"2026-06-24 17:36:50,719","level":"INFO","node":0,"msg":"Starting round 2"}
{"time":"2026-06-24 17:36:53,571","level":"INFO","node":0,"msg":"Forwarded to http://127.0.0.1:8001"}
{"time":"2026-06-24 17:37:04,182","level":"INFO","node":0,"msg":"Received update from node 4, round 1"}
{"time":"2026-06-24 17:37:04,183","level":"INFO","node":0,"msg":"Round 2 complete — aggregating"}
{"time":"2026-06-24 17:37:04,195","level":"INFO","node":0,"msg":"Broadcast weights to node 1"}
{"time":"2026-06-24 17:37:04,220","level":"INFO","node":0,"msg":"Broadcast weights to node 2"}
{"time":"2026-06-24 17:37:04,240","level":"INFO","node":0,"msg":"Broadcast weights to node 3"}
{"time":"2026-06-24 17:37:04,265","level":"INFO","node":0,"msg":"Broadcast weights to node 4"}
{"time":"2026-06-24 17:37:04,276","level":"INFO","node":0,"msg":"Round 2 complete | accuracy=0.6818"}
{"time":"2026-06-24 17:37:04,777","level":"INFO","node":0,"msg":"Starting round 3"}
{"time":"2026-06-24 17:37:07,454","level":"INFO","node":0,"msg":"Forwarded to http://127.0.0.1:8001"}
{"time":"2026-06-24 17:37:17,595","level":"INFO","node":0,"msg":"Received update from node 4, round 2"}
{"time":"2026-06-24 17:37:17,596","level":"INFO","node":0,"msg":"Round 3 complete — aggregating"}
{"time":"2026-06-24 17:37:17,630","level":"INFO","node":0,"msg":"Broadcast weights to node 1"}
{"time":"2026-06-24 17:37:17,661","level":"INFO","node":0,"msg":"Broadcast weights to node 2"}
{"time":"2026-06-24 17:37:17,692","level":"INFO","node":0,"msg":"Broadcast weights to node 3"}
{"time":"2026-06-24 17:37:17,725","level":"INFO","node":0,"msg":"Broadcast weights to node 4"}
{"time":"2026-06-24 17:37:17,732","level":"INFO","node":0,"msg":"Round 3 complete | accuracy=0.6818"}
{"time":"2026-06-24 17:37:18,233","level":"INFO","node":0,"msg":"Starting round 4"}
{"time":"2026-06-24 17:37:20,847","level":"INFO","node":0,"msg":"Forwarded to http://127.0.0.1:8001"}
{"time":"2026-06-24 17:37:30,846","level":"INFO","node":0,"msg":"Received update from node 4, round 3"}
{"time":"2026-06-24 17:37:30,846","level":"INFO","node":0,"msg":"Round 4 complete — aggregating"}
{"time":"2026-06-24 17:37:30,882","level":"INFO","node":0,"msg":"Broadcast weights to node 1"}
{"time":"2026-06-24 17:37:30,893","level":"INFO","node":0,"msg":"Broadcast weights to node 2"}
{"time":"2026-06-24 17:37:30,906","level":"INFO","node":0,"msg":"Broadcast weights to node 3"}
{"time":"2026-06-24 17:37:30,915","level":"INFO","node":0,"msg":"Broadcast weights to node 4"}
{"time":"2026-06-24 17:37:30,924","level":"INFO","node":0,"msg":"Round 4 complete | accuracy=0.6818"}
{"time":"2026-06-24 17:37:31,425","level":"INFO","node":0,"msg":"Starting round 5"}
{"time":"2026-06-24 17:37:34,054","level":"INFO","node":0,"msg":"Forwarded to http://127.0.0.1:8001"}
{"time":"2026-06-24 17:37:44,143","level":"INFO","node":0,"msg":"Received update from node 4, round 4"}
{"time":"2026-06-24 17:37:44,144","level":"INFO","node":0,"msg":"Round 5 complete — aggregating"}
{"time":"2026-06-24 17:37:44,155","level":"INFO","node":0,"msg":"Broadcast weights to node 1"}
{"time":"2026-06-24 17:37:44,164","level":"INFO","node":0,"msg":"Broadcast weights to node 2"}
{"time":"2026-06-24 17:37:44,172","level":"INFO","node":0,"msg":"Broadcast weights to node 3"}
{"time":"2026-06-24 17:37:44,196","level":"INFO","node":0,"msg":"Broadcast weights to node 4"}
{"time":"2026-06-24 17:37:44,201","level":"INFO","node":0,"msg":"Round 5 complete | accuracy=0.6818"}
{"time":"2026-06-24 17:37:44,702","level":"INFO","node":0,"msg":"Starting round 6"}
{"time":"2026-06-24 17:37:47,305","level":"INFO","node":0,"msg":"Forwarded to http://127.0.0.1:8001"}
{"time":"2026-06-24 17:37:57,342","level":"INFO","node":0,"msg":"Received update from node 4, round 5"}
{"time":"2026-06-24 17:37:57,342","level":"INFO","node":0,"msg":"Round 6 complete — aggregating"}
{"time":"2026-06-24 17:37:57,366","level":"INFO","node":0,"msg":"Broadcast weights to node 1"}
{"time":"2026-06-24 17:37:57,401","level":"INFO","node":0,"msg":"Broadcast weights to node 2"}
{"time":"2026-06-24 17:37:57,432","level":"INFO","node":0,"msg":"Broadcast weights to node 3"}
{"time":"2026-06-24 17:37:57,463","level":"INFO","node":0,"msg":"Broadcast weights to node 4"}
{"time":"2026-06-24 17:37:57,469","level":"INFO","node":0,"msg":"Round 6 complete | accuracy=0.6818"}
{"time":"2026-06-24 17:37:57,971","level":"INFO","node":0,"msg":"Starting round 7"}
{"time":"2026-06-24 17:38:00,586","level":"INFO","node":0,"msg":"Forwarded to http://127.0.0.1:8001"}
{"time":"2026-06-24 17:38:10,486","level":"INFO","node":0,"msg":"Received update from node 4, round 6"}
{"time":"2026-06-24 17:38:10,487","level":"INFO","node":0,"msg":"Round 7 complete — aggregating"}
{"time":"2026-06-24 17:38:10,511","level":"INFO","node":0,"msg":"Broadcast weights to node 1"}
{"time":"2026-06-24 17:38:10,544","level":"INFO","node":0,"msg":"Broadcast weights to node 2"}
{"time":"2026-06-24 17:38:10,574","level":"INFO","node":0,"msg":"Broadcast weights to node 3"}
{"time":"2026-06-24 17:38:10,607","level":"INFO","node":0,"msg":"Broadcast weights to node 4"}
{"time":"2026-06-24 17:38:10,616","level":"INFO","node":0,"msg":"Round 7 complete | accuracy=0.6818"}
{"time":"2026-06-24 17:38:11,117","level":"INFO","node":0,"msg":"Starting round 8"}
{"time":"2026-06-24 17:38:13,631","level":"INFO","node":0,"msg":"Forwarded to http://127.0.0.1:8001"}
{"time":"2026-06-24 17:38:23,682","level":"INFO","node":0,"msg":"Received update from node 4, round 7"}
{"time":"2026-06-24 17:38:23,682","level":"INFO","node":0,"msg":"Round 8 complete — aggregating"}
{"time":"2026-06-24 17:38:23,689","level":"INFO","node":0,"msg":"Broadcast weights to node 1"}
{"time":"2026-06-24 17:38:23,698","level":"INFO","node":0,"msg":"Broadcast weights to node 2"}
{"time":"2026-06-24 17:38:23,728","level":"INFO","node":0,"msg":"Broadcast weights to node 3"}
{"time":"2026-06-24 17:38:23,761","level":"INFO","node":0,"msg":"Broadcast weights to node 4"}
{"time":"2026-06-24 17:38:23,767","level":"INFO","node":0,"msg":"Round 8 complete | accuracy=0.6818"}
{"time":"2026-06-24 17:38:24,268","level":"INFO","node":0,"msg":"Starting round 9"}
{"time":"2026-06-24 17:38:26,768","level":"INFO","node":0,"msg":"Forwarded to http://127.0.0.1:8001"}
{"time":"2026-06-24 17:38:37,085","level":"INFO","node":0,"msg":"Received update from node 4, round 8"}
{"time":"2026-06-24 17:38:37,086","level":"INFO","node":0,"msg":"Round 9 complete — aggregating"}
{"time":"2026-06-24 17:38:37,119","level":"INFO","node":0,"msg":"Broadcast weights to node 1"}
{"time":"2026-06-24 17:38:37,150","level":"INFO","node":0,"msg":"Broadcast weights to node 2"}
{"time":"2026-06-24 17:38:37,183","level":"INFO","node":0,"msg":"Broadcast weights to node 3"}
{"time":"2026-06-24 17:38:37,212","level":"INFO","node":0,"msg":"Broadcast weights to node 4"}
{"time":"2026-06-24 17:38:37,218","level":"INFO","node":0,"msg":"Round 9 complete | accuracy=0.6818"}
{"time":"2026-06-24 17:38:37,720","level":"INFO","node":0,"msg":"Starting round 10"}
{"time":"2026-06-24 17:38:40,293","level":"INFO","node":0,"msg":"Forwarded to http://127.0.0.1:8001"}
{"time":"2026-06-24 17:38:50,823","level":"INFO","node":0,"msg":"Received update from node 4, round 9"}
{"time":"2026-06-24 17:38:50,823","level":"INFO","node":0,"msg":"Round 10 complete — aggregating"}
{"time":"2026-06-24 17:38:50,836","level":"INFO","node":0,"msg":"Broadcast weights to node 1"}
{"time":"2026-06-24 17:38:50,871","level":"INFO","node":0,"msg":"Broadcast weights to node 2"}
{"time":"2026-06-24 17:38:50,880","level":"INFO","node":0,"msg":"Broadcast weights to node 3"}
{"time":"2026-06-24 17:38:50,903","level":"INFO","node":0,"msg":"Broadcast weights to node 4"}
{"time":"2026-06-24 17:38:50,911","level":"INFO","node":0,"msg":"Round 10 complete | accuracy=0.6818"}
{"time":"2026-06-24 17:38:51,413","level":"INFO","node":0,"msg":"Starting round 11"}
{"time":"2026-06-24 17:38:54,017","level":"INFO","node":0,"msg":"Forwarded to http://127.0.0.1:8001"}
{"time":"2026-06-24 17:39:04,482","level":"INFO","node":0,"msg":"Received update from node 4, round 10"}
{"time":"2026-06-24 17:39:04,483","level":"INFO","node":0,"msg":"Round 11 complete — aggregating"}
{"time":"2026-06-24 17:39:04,508","level":"INFO","node":0,"msg":"Broadcast weights to node 1"}
{"time":"2026-06-24 17:39:04,538","level":"INFO","node":0,"msg":"Broadcast weights to node 2"}
{"time":"2026-06-24 17:39:04,545","level":"INFO","node":0,"msg":"Broadcast weights to node 3"}
{"time":"2026-06-24 17:39:04,571","level":"INFO","node":0,"msg":"Broadcast weights to node 4"}
{"time":"2026-06-24 17:39:04,581","level":"INFO","node":0,"msg":"Round 11 complete | accuracy=0.6818"}
{"time":"2026-06-24 17:39:05,083","level":"INFO","node":0,"msg":"Starting round 12"}
{"time":"2026-06-24 17:39:07,644","level":"INFO","node":0,"msg":"Forwarded to http://127.0.0.1:8001"}
{"time":"2026-06-24 17:39:17,690","level":"INFO","node":0,"msg":"Received update from node 4, round 11"}
{"time":"2026-06-24 17:39:17,691","level":"INFO","node":0,"msg":"Round 12 complete — aggregating"}
{"time":"2026-06-24 17:39:17,701","level":"INFO","node":0,"msg":"Broadcast weights to node 1"}
{"time":"2026-06-24 17:39:17,718","level":"INFO","node":0,"msg":"Broadcast weights to node 2"}
{"time":"2026-06-24 17:39:17,759","level":"INFO","node":0,"msg":"Broadcast weights to node 3"}
{"time":"2026-06-24 17:39:17,777","level":"INFO","node":0,"msg":"Broadcast weights to node 4"}
{"time":"2026-06-24 17:39:17,788","level":"INFO","node":0,"msg":"Round 12 complete | accuracy=0.6818"}
{"time":"2026-06-24 17:39:18,290","level":"INFO","node":0,"msg":"Starting round 13"}
{"time":"2026-06-24 17:39:21,025","level":"INFO","node":0,"msg":"Forwarded to http://127.0.0.1:8001"}
{"time":"2026-06-24 17:39:30,993","level":"INFO","node":0,"msg":"Received update from node 4, round 12"}
{"time":"2026-06-24 17:39:30,993","level":"INFO","node":0,"msg":"Round 13 complete — aggregating"}
{"time":"2026-06-24 17:39:31,000","level":"INFO","node":0,"msg":"Broadcast weights to node 1"}
{"time":"2026-06-24 17:39:31,027","level":"INFO","node":0,"msg":"Broadcast weights to node 2"}
{"time":"2026-06-24 17:39:31,053","level":"INFO","node":0,"msg":"Broadcast weights to node 3"}
{"time":"2026-06-24 17:39:31,086","level":"INFO","node":0,"msg":"Broadcast weights to node 4"}
{"time":"2026-06-24 17:39:31,092","level":"INFO","node":0,"msg":"Round 13 complete | accuracy=0.6818"}
{"time":"2026-06-24 17:39:31,594","level":"INFO","node":0,"msg":"Starting round 14"}
{"time":"2026-06-24 17:39:34,204","level":"INFO","node":0,"msg":"Forwarded to http://127.0.0.1:8001"}
{"time":"2026-06-24 17:39:44,021","level":"INFO","node":0,"msg":"Received update from node 4, round 13"}
{"time":"2026-06-24 17:39:44,021","level":"INFO","node":0,"msg":"Round 14 complete — aggregating"}
{"time":"2026-06-24 17:39:44,028","level":"INFO","node":0,"msg":"Broadcast weights to node 1"}
{"time":"2026-06-24 17:39:44,036","level":"INFO","node":0,"msg":"Broadcast weights to node 2"}
{"time":"2026-06-24 17:39:44,062","level":"INFO","node":0,"msg":"Broadcast weights to node 3"}
{"time":"2026-06-24 17:39:44,094","level":"INFO","node":0,"msg":"Broadcast weights to node 4"}
{"time":"2026-06-24 17:39:44,099","level":"INFO","node":0,"msg":"Round 14 complete | accuracy=0.6818"}
{"time":"2026-06-24 17:39:44,601","level":"INFO","node":0,"msg":"Starting round 15"}
{"time":"2026-06-24 17:39:47,244","level":"INFO","node":0,"msg":"Forwarded to http://127.0.0.1:8001"}
{"time":"2026-06-24 17:39:57,403","level":"INFO","node":0,"msg":"Received update from node 4, round 14"}
{"time":"2026-06-24 17:39:57,403","level":"INFO","node":0,"msg":"Round 15 complete — aggregating"}
{"time":"2026-06-24 17:39:57,413","level":"INFO","node":0,"msg":"Broadcast weights to node 1"}
{"time":"2026-06-24 17:39:57,426","level":"INFO","node":0,"msg":"Broadcast weights to node 2"}
{"time":"2026-06-24 17:39:57,436","level":"INFO","node":0,"msg":"Broadcast weights to node 3"}
{"time":"2026-06-24 17:39:57,463","level":"INFO","node":0,"msg":"Broadcast weights to node 4"}
{"time":"2026-06-24 17:39:57,469","level":"INFO","node":0,"msg":"Round 15 complete | accuracy=0.6818"}
{"time":"2026-06-24 17:39:57,971","level":"INFO","node":0,"msg":"Starting round 16"}
{"time":"2026-06-24 17:40:00,592","level":"INFO","node":0,"msg":"Forwarded to http://127.0.0.1:8001"}
{"time":"2026-06-24 17:40:10,348","level":"INFO","node":0,"msg":"Received update from node 4, round 15"}
{"time":"2026-06-24 17:40:10,348","level":"INFO","node":0,"msg":"Round 16 complete — aggregating"}
{"time":"2026-06-24 17:40:10,369","level":"INFO","node":0,"msg":"Broadcast weights to node 1"}
{"time":"2026-06-24 17:40:10,400","level":"INFO","node":0,"msg":"Broadcast weights to node 2"}
{"time":"2026-06-24 17:40:10,432","level":"INFO","node":0,"msg":"Broadcast weights to node 3"}
{"time":"2026-06-24 17:40:10,463","level":"INFO","node":0,"msg":"Broadcast weights to node 4"}
{"time":"2026-06-24 17:40:10,470","level":"INFO","node":0,"msg":"Round 16 complete | accuracy=0.6818"}
{"time":"2026-06-24 17:40:10,971","level":"INFO","node":0,"msg":"Starting round 17"}
{"time":"2026-06-24 17:40:13,473","level":"INFO","node":0,"msg":"Forwarded to http://127.0.0.1:8001"}
{"time":"2026-06-24 17:40:23,329","level":"INFO","node":0,"msg":"Received update from node 4, round 16"}
{"time":"2026-06-24 17:40:23,329","level":"INFO","node":0,"msg":"Round 17 complete — aggregating"}
{"time":"2026-06-24 17:40:23,348","level":"INFO","node":0,"msg":"Broadcast weights to node 1"}
{"time":"2026-06-24 17:40:23,378","level":"INFO","node":0,"msg":"Broadcast weights to node 2"}
{"time":"2026-06-24 17:40:23,411","level":"INFO","node":0,"msg":"Broadcast weights to node 3"}
{"time":"2026-06-24 17:40:23,420","level":"INFO","node":0,"msg":"Broadcast weights to node 4"}
{"time":"2026-06-24 17:40:23,427","level":"INFO","node":0,"msg":"Round 17 complete | accuracy=0.6818"}
{"time":"2026-06-24 17:40:23,928","level":"INFO","node":0,"msg":"Starting round 18"}
{"time":"2026-06-24 17:40:26,417","level":"INFO","node":0,"msg":"Forwarded to http://127.0.0.1:8001"}
{"time":"2026-06-24 17:40:36,185","level":"INFO","node":0,"msg":"Received update from node 4, round 17"}
{"time":"2026-06-24 17:40:36,185","level":"INFO","node":0,"msg":"Round 18 complete — aggregating"}
{"time":"2026-06-24 17:40:36,196","level":"INFO","node":0,"msg":"Broadcast weights to node 1"}
{"time":"2026-06-24 17:40:36,220","level":"INFO","node":0,"msg":"Broadcast weights to node 2"}
{"time":"2026-06-24 17:40:36,250","level":"INFO","node":0,"msg":"Broadcast weights to node 3"}
{"time":"2026-06-24 17:40:36,282","level":"INFO","node":0,"msg":"Broadcast weights to node 4"}
{"time":"2026-06-24 17:40:36,288","level":"INFO","node":0,"msg":"Round 18 complete | accuracy=0.6818"}
{"time":"2026-06-24 17:40:36,789","level":"INFO","node":0,"msg":"Starting round 19"}
{"time":"2026-06-24 17:40:39,269","level":"INFO","node":0,"msg":"Forwarded to http://127.0.0.1:8001"}
{"time":"2026-06-24 17:40:49,500","level":"INFO","node":0,"msg":"Received update from node 4, round 18"}
{"time":"2026-06-24 17:40:49,501","level":"INFO","node":0,"msg":"Round 19 complete — aggregating"}
{"time":"2026-06-24 17:40:49,511","level":"INFO","node":0,"msg":"Broadcast weights to node 1"}
{"time":"2026-06-24 17:40:49,522","level":"INFO","node":0,"msg":"Broadcast weights to node 2"}
{"time":"2026-06-24 17:40:49,552","level":"INFO","node":0,"msg":"Broadcast weights to node 3"}
{"time":"2026-06-24 17:40:49,598","level":"INFO","node":0,"msg":"Broadcast weights to node 4"}
{"time":"2026-06-24 17:40:49,606","level":"INFO","node":0,"msg":"Round 19 complete | accuracy=0.6818"}
{"time":"2026-06-24 17:40:50,108","level":"INFO","node":0,"msg":"Starting round 20"}
{"time":"2026-06-24 17:40:52,502","level":"INFO","node":0,"msg":"Forwarded to http://127.0.0.1:8001"}
{"time":"2026-06-24 17:41:02,423","level":"INFO","node":0,"msg":"Received update from node 4, round 19"}
{"time":"2026-06-24 17:41:02,424","level":"INFO","node":0,"msg":"Round 20 complete — aggregating"}
{"time":"2026-06-24 17:41:02,434","level":"INFO","node":0,"msg":"Broadcast weights to node 1"}
{"time":"2026-06-24 17:41:02,447","level":"INFO","node":0,"msg":"Broadcast weights to node 2"}
{"time":"2026-06-24 17:41:02,470","level":"INFO","node":0,"msg":"Broadcast weights to node 3"}
{"time":"2026-06-24 17:41:02,490","level":"INFO","node":0,"msg":"Broadcast weights to node 4"}
{"time":"2026-06-24 17:41:02,506","level":"INFO","node":0,"msg":"Round 20 complete | accuracy=0.6818"}
{"time":"2026-06-24 17:41:02,507","level":"INFO","node":0,"msg":"Training complete after 20 rounds"}
{"time":"2026-06-24 17:46:58,645","level":"INFO","node":0,"msg":"Starting node 0: City General Hospital"}
{"time":"2026-06-24 17:47:01,530","level":"WARNING","node":0,"msg":"DEV MODE: running without TLS"}
{"time":"2026-06-24 17:47:01,531","level":"INFO","node":0,"msg":"Listening on 127.0.0.1:8000 | TLS=False"}
{"time":"2026-06-24 17:47:02,494","level":"INFO","node":0,"msg":"Starting round 1"}
{"time":"2026-06-24 17:47:04,050","level":"WARNING","node":0,"msg":"ZKP norm violation (clipping applied): Gradient norm violation: norm_sq=54148584577310 > bound=250000000000. Apply gradient clipping (C=0.5) before proving."}
{"time":"2026-06-24 17:47:05,880","level":"INFO","node":0,"msg":"Forwarded to http://127.0.0.1:8001"}
{"time":"2026-06-24 17:47:19,966","level":"INFO","node":0,"msg":"Received update from node 4, round 0"}
{"time":"2026-06-24 17:47:19,966","level":"INFO","node":0,"msg":"Round 1 complete — aggregating"}
{"time":"2026-06-24 17:47:20,001","level":"INFO","node":0,"msg":"Broadcast weights to node 1"}
{"time":"2026-06-24 17:47:20,032","level":"INFO","node":0,"msg":"Broadcast weights to node 2"}
{"time":"2026-06-24 17:47:20,064","level":"INFO","node":0,"msg":"Broadcast weights to node 3"}
{"time":"2026-06-24 17:47:20,097","level":"INFO","node":0,"msg":"Broadcast weights to node 4"}
{"time":"2026-06-24 17:47:20,106","level":"INFO","node":0,"msg":"Round 1 complete | accuracy=0.6818"}
{"time":"2026-06-24 17:47:20,608","level":"INFO","node":0,"msg":"Starting round 2"}
{"time":"2026-06-24 17:47:22,813","level":"INFO","node":0,"msg":"Forwarded to http://127.0.0.1:8001"}
{"time":"2026-06-24 17:47:32,150","level":"INFO","node":0,"msg":"Received update from node 4, round 1"}
{"time":"2026-06-24 17:47:32,151","level":"INFO","node":0,"msg":"Round 2 complete — aggregating"}
{"time":"2026-06-24 17:47:32,185","level":"INFO","node":0,"msg":"Broadcast weights to node 1"}
{"time":"2026-06-24 17:47:32,217","level":"INFO","node":0,"msg":"Broadcast weights to node 2"}
{"time":"2026-06-24 17:47:32,226","level":"INFO","node":0,"msg":"Broadcast weights to node 3"}
{"time":"2026-06-24 17:47:32,236","level":"INFO","node":0,"msg":"Broadcast weights to node 4"}
{"time":"2026-06-24 17:47:32,245","level":"INFO","node":0,"msg":"Round 2 complete | accuracy=0.6818"}
{"time":"2026-06-24 17:47:32,746","level":"INFO","node":0,"msg":"Starting round 3"}
{"time":"2026-06-24 17:47:34,729","level":"INFO","node":0,"msg":"Forwarded to http://127.0.0.1:8001"}
{"time":"2026-06-24 17:47:43,002","level":"INFO","node":0,"msg":"Received update from node 4, round 2"}
{"time":"2026-06-24 17:47:43,002","level":"INFO","node":0,"msg":"Round 3 complete — aggregating"}
{"time":"2026-06-24 17:47:43,009","level":"INFO","node":0,"msg":"Broadcast weights to node 1"}
{"time":"2026-06-24 17:47:43,017","level":"INFO","node":0,"msg":"Broadcast weights to node 2"}
{"time":"2026-06-24 17:47:43,024","level":"INFO","node":0,"msg":"Broadcast weights to node 3"}
{"time":"2026-06-24 17:47:43,034","level":"INFO","node":0,"msg":"Broadcast weights to node 4"}
{"time":"2026-06-24 17:47:43,041","level":"INFO","node":0,"msg":"Round 3 complete | accuracy=0.6818"}
{"time":"2026-06-24 17:47:43,543","level":"INFO","node":0,"msg":"Starting round 4"}
{"time":"2026-06-24 17:47:45,743","level":"INFO","node":0,"msg":"Forwarded to http://127.0.0.1:8001"}
{"time":"2026-06-24 17:47:54,299","level":"INFO","node":0,"msg":"Received update from node 4, round 3"}
{"time":"2026-06-24 17:47:54,299","level":"INFO","node":0,"msg":"Round 4 complete — aggregating"}
{"time":"2026-06-24 17:47:54,335","level":"INFO","node":0,"msg":"Broadcast weights to node 1"}
{"time":"2026-06-24 17:47:54,365","level":"INFO","node":0,"msg":"Broadcast weights to node 2"}
{"time":"2026-06-24 17:47:54,398","level":"INFO","node":0,"msg":"Broadcast weights to node 3"}
{"time":"2026-06-24 17:47:54,428","level":"INFO","node":0,"msg":"Broadcast weights to node 4"}
{"time":"2026-06-24 17:47:54,435","level":"INFO","node":0,"msg":"Round 4 complete | accuracy=0.6818"}
{"time":"2026-06-24 17:47:54,939","level":"INFO","node":0,"msg":"Starting round 5"}
{"time":"2026-06-24 17:47:57,166","level":"INFO","node":0,"msg":"Forwarded to http://127.0.0.1:8001"}
{"time":"2026-06-24 17:48:05,794","level":"INFO","node":0,"msg":"Received update from node 4, round 4"}
{"time":"2026-06-24 17:48:05,795","level":"INFO","node":0,"msg":"Round 5 complete — aggregating"}
{"time":"2026-06-24 17:48:05,830","level":"INFO","node":0,"msg":"Broadcast weights to node 1"}
{"time":"2026-06-24 17:48:05,852","level":"INFO","node":0,"msg":"Broadcast weights to node 2"}
{"time":"2026-06-24 17:48:05,880","level":"INFO","node":0,"msg":"Broadcast weights to node 3"}
{"time":"2026-06-24 17:48:05,885","level":"INFO","node":0,"msg":"Broadcast weights to node 4"}
{"time":"2026-06-24 17:48:05,891","level":"INFO","node":0,"msg":"Round 5 complete | accuracy=0.6818"}
{"time":"2026-06-24 17:48:06,393","level":"INFO","node":0,"msg":"Starting round 6"}
{"time":"2026-06-24 17:48:08,509","level":"INFO","node":0,"msg":"Forwarded to http://127.0.0.1:8001"}
{"time":"2026-06-24 17:48:16,640","level":"INFO","node":0,"msg":"Received update from node 4, round 5"}
{"time":"2026-06-24 17:48:16,640","level":"INFO","node":0,"msg":"Round 6 complete — aggregating"}
{"time":"2026-06-24 17:48:16,673","level":"INFO","node":0,"msg":"Broadcast weights to node 1"}
{"time":"2026-06-24 17:48:16,722","level":"INFO","node":0,"msg":"Broadcast weights to node 2"}
{"time":"2026-06-24 17:48:16,748","level":"INFO","node":0,"msg":"Broadcast weights to node 3"}
{"time":"2026-06-24 17:48:16,778","level":"INFO","node":0,"msg":"Broadcast weights to node 4"}
{"time":"2026-06-24 17:48:16,784","level":"INFO","node":0,"msg":"Round 6 complete | accuracy=0.6818"}
{"time":"2026-06-24 17:48:17,285","level":"INFO","node":0,"msg":"Starting round 7"}
{"time":"2026-06-24 17:48:19,161","level":"INFO","node":0,"msg":"Forwarded to http://127.0.0.1:8001"}
{"time":"2026-06-24 17:48:27,358","level":"INFO","node":0,"msg":"Received update from node 4, round 6"}
{"time":"2026-06-24 17:48:27,359","level":"INFO","node":0,"msg":"Round 7 complete — aggregating"}
{"time":"2026-06-24 17:48:27,369","level":"INFO","node":0,"msg":"Broadcast weights to node 1"}
{"time":"2026-06-24 17:48:27,379","level":"INFO","node":0,"msg":"Broadcast weights to node 2"}
{"time":"2026-06-24 17:48:27,387","level":"INFO","node":0,"msg":"Broadcast weights to node 3"}
{"time":"2026-06-24 17:48:27,398","level":"INFO","node":0,"msg":"Broadcast weights to node 4"}
{"time":"2026-06-24 17:48:27,406","level":"INFO","node":0,"msg":"Round 7 complete | accuracy=0.6818"}
{"time":"2026-06-24 17:48:27,907","level":"INFO","node":0,"msg":"Starting round 8"}
{"time":"2026-06-24 17:48:29,773","level":"INFO","node":0,"msg":"Forwarded to http://127.0.0.1:8001"}
{"time":"2026-06-24 17:48:38,705","level":"INFO","node":0,"msg":"Received update from node 4, round 7"}
{"time":"2026-06-24 17:48:38,705","level":"INFO","node":0,"msg":"Round 8 complete — aggregating"}
{"time":"2026-06-24 17:48:38,716","level":"INFO","node":0,"msg":"Broadcast weights to node 1"}
{"time":"2026-06-24 17:48:38,727","level":"INFO","node":0,"msg":"Broadcast weights to node 2"}
{"time":"2026-06-24 17:48:38,755","level":"INFO","node":0,"msg":"Broadcast weights to node 3"}
{"time":"2026-06-24 17:48:38,764","level":"INFO","node":0,"msg":"Broadcast weights to node 4"}
{"time":"2026-06-24 17:48:38,769","level":"INFO","node":0,"msg":"Round 8 complete | accuracy=0.6818"}
{"time":"2026-06-24 17:48:39,271","level":"INFO","node":0,"msg":"Starting round 9"}
{"time":"2026-06-24 17:48:41,169","level":"INFO","node":0,"msg":"Forwarded to http://127.0.0.1:8001"}
{"time":"2026-06-24 17:48:50,184","level":"INFO","node":0,"msg":"Received update from node 4, round 8"}
{"time":"2026-06-24 17:48:50,184","level":"INFO","node":0,"msg":"Round 9 complete — aggregating"}
{"time":"2026-06-24 17:48:50,222","level":"INFO","node":0,"msg":"Broadcast weights to node 1"}
{"time":"2026-06-24 17:48:50,252","level":"INFO","node":0,"msg":"Broadcast weights to node 2"}
{"time":"2026-06-24 17:48:50,281","level":"INFO","node":0,"msg":"Broadcast weights to node 3"}
{"time":"2026-06-24 17:48:50,311","level":"INFO","node":0,"msg":"Broadcast weights to node 4"}
{"time":"2026-06-24 17:48:50,317","level":"INFO","node":0,"msg":"Round 9 complete | accuracy=0.6818"}
{"time":"2026-06-24 17:48:50,819","level":"INFO","node":0,"msg":"Starting round 10"}
{"time":"2026-06-24 17:48:52,776","level":"INFO","node":0,"msg":"Forwarded to http://127.0.0.1:8001"}
{"time":"2026-06-24 17:49:01,544","level":"INFO","node":0,"msg":"Received update from node 4, round 9"}
{"time":"2026-06-24 17:49:01,544","level":"INFO","node":0,"msg":"Round 10 complete — aggregating"}
{"time":"2026-06-24 17:49:01,551","level":"INFO","node":0,"msg":"Broadcast weights to node 1"}
{"time":"2026-06-24 17:49:01,560","level":"INFO","node":0,"msg":"Broadcast weights to node 2"}
{"time":"2026-06-24 17:49:01,587","level":"INFO","node":0,"msg":"Broadcast weights to node 3"}
{"time":"2026-06-24 17:49:01,616","level":"INFO","node":0,"msg":"Broadcast weights to node 4"}
{"time":"2026-06-24 17:49:01,623","level":"INFO","node":0,"msg":"Round 10 complete | accuracy=0.7000"}
{"time":"2026-06-24 17:49:02,125","level":"INFO","node":0,"msg":"Starting round 11"}
{"time":"2026-06-24 17:49:03,993","level":"INFO","node":0,"msg":"Forwarded to http://127.0.0.1:8001"}
{"time":"2026-06-24 17:49:13,209","level":"INFO","node":0,"msg":"Received update from node 4, round 10"}
{"time":"2026-06-24 17:49:13,209","level":"INFO","node":0,"msg":"Round 11 complete — aggregating"}
{"time":"2026-06-24 17:49:13,238","level":"INFO","node":0,"msg":"Broadcast weights to node 1"}
{"time":"2026-06-24 17:49:13,248","level":"INFO","node":0,"msg":"Broadcast weights to node 2"}
{"time":"2026-06-24 17:49:13,256","level":"INFO","node":0,"msg":"Broadcast weights to node 3"}
{"time":"2026-06-24 17:49:13,282","level":"INFO","node":0,"msg":"Broadcast weights to node 4"}
{"time":"2026-06-24 17:49:13,290","level":"INFO","node":0,"msg":"Round 11 complete | accuracy=0.7091"}
{"time":"2026-06-24 17:49:13,792","level":"INFO","node":0,"msg":"Starting round 12"}
{"time":"2026-06-24 17:49:15,829","level":"INFO","node":0,"msg":"Forwarded to http://127.0.0.1:8001"}
{"time":"2026-06-24 17:49:24,853","level":"INFO","node":0,"msg":"Received update from node 4, round 11"}
{"time":"2026-06-24 17:49:24,853","level":"INFO","node":0,"msg":"Round 12 complete — aggregating"}
{"time":"2026-06-24 17:49:24,861","level":"INFO","node":0,"msg":"Broadcast weights to node 1"}
{"time":"2026-06-24 17:49:24,868","level":"INFO","node":0,"msg":"Broadcast weights to node 2"}
{"time":"2026-06-24 17:49:24,876","level":"INFO","node":0,"msg":"Broadcast weights to node 3"}
{"time":"2026-06-24 17:49:24,906","level":"INFO","node":0,"msg":"Broadcast weights to node 4"}
{"time":"2026-06-24 17:49:24,911","level":"INFO","node":0,"msg":"Round 12 complete | accuracy=0.7000"}
{"time":"2026-06-24 17:49:25,413","level":"INFO","node":0,"msg":"Starting round 13"}
{"time":"2026-06-24 17:49:27,644","level":"INFO","node":0,"msg":"Forwarded to http://127.0.0.1:8001"}
{"time":"2026-06-24 17:49:36,780","level":"INFO","node":0,"msg":"Received update from node 4, round 12"}
{"time":"2026-06-24 17:49:36,781","level":"INFO","node":0,"msg":"Round 13 complete — aggregating"}
{"time":"2026-06-24 17:49:36,817","level":"INFO","node":0,"msg":"Broadcast weights to node 1"}
{"time":"2026-06-24 17:49:36,850","level":"INFO","node":0,"msg":"Broadcast weights to node 2"}
{"time":"2026-06-24 17:49:36,879","level":"INFO","node":0,"msg":"Broadcast weights to node 3"}
{"time":"2026-06-24 17:49:36,911","level":"INFO","node":0,"msg":"Broadcast weights to node 4"}
{"time":"2026-06-24 17:49:36,918","level":"INFO","node":0,"msg":"Round 13 complete | accuracy=0.7182"}
{"time":"2026-06-24 17:49:37,419","level":"INFO","node":0,"msg":"Starting round 14"}
{"time":"2026-06-24 17:49:39,527","level":"INFO","node":0,"msg":"Forwarded to http://127.0.0.1:8001"}
{"time":"2026-06-24 17:49:47,713","level":"INFO","node":0,"msg":"Received update from node 4, round 13"}
{"time":"2026-06-24 17:49:47,713","level":"INFO","node":0,"msg":"Round 14 complete — aggregating"}
{"time":"2026-06-24 17:49:47,719","level":"INFO","node":0,"msg":"Broadcast weights to node 1"}
{"time":"2026-06-24 17:49:47,726","level":"INFO","node":0,"msg":"Broadcast weights to node 2"}
{"time":"2026-06-24 17:49:47,733","level":"INFO","node":0,"msg":"Broadcast weights to node 3"}
{"time":"2026-06-24 17:49:47,776","level":"INFO","node":0,"msg":"Broadcast weights to node 4"}
{"time":"2026-06-24 17:49:47,781","level":"INFO","node":0,"msg":"Round 14 complete | accuracy=0.7182"}
{"time":"2026-06-24 17:49:48,282","level":"INFO","node":0,"msg":"Starting round 15"}
{"time":"2026-06-24 17:49:50,315","level":"INFO","node":0,"msg":"Forwarded to http://127.0.0.1:8001"}
{"time":"2026-06-24 17:49:58,662","level":"INFO","node":0,"msg":"Received update from node 4, round 14"}
{"time":"2026-06-24 17:49:58,663","level":"INFO","node":0,"msg":"Round 15 complete — aggregating"}
{"time":"2026-06-24 17:49:58,671","level":"INFO","node":0,"msg":"Broadcast weights to node 1"}
{"time":"2026-06-24 17:49:58,698","level":"INFO","node":0,"msg":"Broadcast weights to node 2"}
{"time":"2026-06-24 17:49:58,728","level":"INFO","node":0,"msg":"Broadcast weights to node 3"}
{"time":"2026-06-24 17:49:58,761","level":"INFO","node":0,"msg":"Broadcast weights to node 4"}
{"time":"2026-06-24 17:49:58,766","level":"INFO","node":0,"msg":"Round 15 complete | accuracy=0.6818"}
{"time":"2026-06-24 17:49:59,268","level":"INFO","node":0,"msg":"Starting round 16"}
{"time":"2026-06-24 17:50:01,259","level":"INFO","node":0,"msg":"Forwarded to http://127.0.0.1:8001"}
{"time":"2026-06-24 17:50:09,629","level":"INFO","node":0,"msg":"Received update from node 4, round 15"}
{"time":"2026-06-24 17:50:09,629","level":"INFO","node":0,"msg":"Round 16 complete — aggregating"}
{"time":"2026-06-24 17:50:09,636","level":"INFO","node":0,"msg":"Broadcast weights to node 1"}
{"time":"2026-06-24 17:50:09,642","level":"INFO","node":0,"msg":"Broadcast weights to node 2"}
{"time":"2026-06-24 17:50:09,652","level":"INFO","node":0,"msg":"Broadcast weights to node 3"}
{"time":"2026-06-24 17:50:09,685","level":"INFO","node":0,"msg":"Broadcast weights to node 4"}
{"time":"2026-06-24 17:50:09,690","level":"INFO","node":0,"msg":"Round 16 complete | accuracy=0.6818"}
{"time":"2026-06-24 17:50:10,191","level":"INFO","node":0,"msg":"Starting round 17"}
{"time":"2026-06-24 17:50:12,339","level":"INFO","node":0,"msg":"Forwarded to http://127.0.0.1:8001"}
{"time":"2026-06-24 17:50:20,473","level":"INFO","node":0,"msg":"Received update from node 4, round 16"}
{"time":"2026-06-24 17:50:20,473","level":"INFO","node":0,"msg":"Round 17 complete — aggregating"}
{"time":"2026-06-24 17:50:20,480","level":"INFO","node":0,"msg":"Broadcast weights to node 1"}
{"time":"2026-06-24 17:50:20,488","level":"INFO","node":0,"msg":"Broadcast weights to node 2"}
{"time":"2026-06-24 17:50:20,497","level":"INFO","node":0,"msg":"Broadcast weights to node 3"}
{"time":"2026-06-24 17:50:20,518","level":"INFO","node":0,"msg":"Broadcast weights to node 4"}
{"time":"2026-06-24 17:50:20,525","level":"INFO","node":0,"msg":"Round 17 complete | accuracy=0.6818"}
{"time":"2026-06-24 17:50:21,026","level":"INFO","node":0,"msg":"Starting round 18"}
{"time":"2026-06-24 17:50:22,994","level":"INFO","node":0,"msg":"Forwarded to http://127.0.0.1:8001"}
{"time":"2026-06-24 17:50:31,140","level":"INFO","node":0,"msg":"Received update from node 4, round 17"}
{"time":"2026-06-24 17:50:31,140","level":"INFO","node":0,"msg":"Round 18 complete — aggregating"}
{"time":"2026-06-24 17:50:31,148","level":"INFO","node":0,"msg":"Broadcast weights to node 1"}
{"time":"2026-06-24 17:50:31,158","level":"INFO","node":0,"msg":"Broadcast weights to node 2"}
{"time":"2026-06-24 17:50:31,171","level":"INFO","node":0,"msg":"Broadcast weights to node 3"}
{"time":"2026-06-24 17:50:31,204","level":"INFO","node":0,"msg":"Broadcast weights to node 4"}
{"time":"2026-06-24 17:50:31,209","level":"INFO","node":0,"msg":"Round 18 complete | accuracy=0.6818"}
{"time":"2026-06-24 17:50:31,711","level":"INFO","node":0,"msg":"Starting round 19"}
{"time":"2026-06-24 17:50:33,687","level":"INFO","node":0,"msg":"Forwarded to http://127.0.0.1:8001"}
{"time":"2026-06-24 17:50:41,819","level":"INFO","node":0,"msg":"Received update from node 4, round 18"}
{"time":"2026-06-24 17:50:41,820","level":"INFO","node":0,"msg":"Round 19 complete — aggregating"}
{"time":"2026-06-24 17:50:41,830","level":"INFO","node":0,"msg":"Broadcast weights to node 1"}
{"time":"2026-06-24 17:50:41,838","level":"INFO","node":0,"msg":"Broadcast weights to node 2"}
{"time":"2026-06-24 17:50:41,845","level":"INFO","node":0,"msg":"Broadcast weights to node 3"}
{"time":"2026-06-24 17:50:41,871","level":"INFO","node":0,"msg":"Broadcast weights to node 4"}
{"time":"2026-06-24 17:50:41,880","level":"INFO","node":0,"msg":"Round 19 complete | accuracy=0.7364"}
{"time":"2026-06-24 17:50:42,382","level":"INFO","node":0,"msg":"Starting round 20"}
{"time":"2026-06-24 17:50:44,361","level":"INFO","node":0,"msg":"Forwarded to http://127.0.0.1:8001"}
{"time":"2026-06-24 17:50:52,783","level":"INFO","node":0,"msg":"Received update from node 4, round 19"}
{"time":"2026-06-24 17:50:52,783","level":"INFO","node":0,"msg":"Round 20 complete — aggregating"}
{"time":"2026-06-24 17:50:52,790","level":"INFO","node":0,"msg":"Broadcast weights to node 1"}
{"time":"2026-06-24 17:50:52,800","level":"INFO","node":0,"msg":"Broadcast weights to node 2"}
{"time":"2026-06-24 17:50:52,810","level":"INFO","node":0,"msg":"Broadcast weights to node 3"}
{"time":"2026-06-24 17:50:52,825","level":"INFO","node":0,"msg":"Broadcast weights to node 4"}
{"time":"2026-06-24 17:50:52,832","level":"INFO","node":0,"msg":"Round 20 complete | accuracy=0.7545"}
{"time":"2026-06-24 17:50:52,832","level":"INFO","node":0,"msg":"Training complete after 20 rounds"}
{"time":"2026-06-24 17:53:58,519","level":"INFO","node":0,"msg":"Starting node 0: City General Hospital"}
{"time":"2026-06-24 17:54:05,123","level":"WARNING","node":0,"msg":"DEV MODE: running without TLS"}
{"time":"2026-06-24 17:54:05,123","level":"INFO","node":0,"msg":"Listening on 127.0.0.1:8000 | TLS=False"}
{"time":"2026-06-24 17:54:05,408","level":"INFO","node":0,"msg":"Starting round 1"}
{"time":"2026-06-24 17:54:11,508","level":"WARNING","node":0,"msg":"ZKP norm violation (clipping applied): Gradient norm violation: norm_sq=29106391526331 > bound=250000000000. Apply gradient clipping (C=0.5) before proving."}
{"time":"2026-06-24 17:54:18,702","level":"INFO","node":0,"msg":"Forwarded to http://127.0.0.1:8001"}
{"time":"2026-06-24 17:54:43,297","level":"INFO","node":0,"msg":"Received update from node 4, round 0"}
{"time":"2026-06-24 17:54:43,297","level":"INFO","node":0,"msg":"Round 1 complete — aggregating"}
{"time":"2026-06-24 17:54:43,338","level":"INFO","node":0,"msg":"Broadcast weights to node 1"}
{"time":"2026-06-24 17:54:43,346","level":"INFO","node":0,"msg":"Broadcast weights to node 2"}
{"time":"2026-06-24 17:54:43,364","level":"INFO","node":0,"msg":"Broadcast weights to node 3"}
{"time":"2026-06-24 17:54:43,407","level":"INFO","node":0,"msg":"Broadcast weights to node 4"}
{"time":"2026-06-24 17:54:43,412","level":"INFO","node":0,"msg":"Round 1 complete | accuracy=0.6818"}
{"time":"2026-06-24 17:54:43,914","level":"INFO","node":0,"msg":"Starting round 2"}
{"time":"2026-06-24 17:54:46,283","level":"INFO","node":0,"msg":"Forwarded to http://127.0.0.1:8001"}
{"time":"2026-06-24 17:54:55,588","level":"INFO","node":0,"msg":"Received update from node 4, round 1"}
{"time":"2026-06-24 17:54:55,588","level":"INFO","node":0,"msg":"Round 2 complete — aggregating"}
{"time":"2026-06-24 17:54:55,637","level":"INFO","node":0,"msg":"Broadcast weights to node 1"}
{"time":"2026-06-24 17:54:55,671","level":"INFO","node":0,"msg":"Broadcast weights to node 2"}
{"time":"2026-06-24 17:54:55,686","level":"INFO","node":0,"msg":"Broadcast weights to node 3"}
{"time":"2026-06-24 17:54:55,715","level":"INFO","node":0,"msg":"Broadcast weights to node 4"}
{"time":"2026-06-24 17:54:55,720","level":"INFO","node":0,"msg":"Round 2 complete | accuracy=0.6818"}
{"time":"2026-06-24 17:54:56,222","level":"INFO","node":0,"msg":"Starting round 3"}
{"time":"2026-06-24 17:54:59,038","level":"INFO","node":0,"msg":"Forwarded to http://127.0.0.1:8001"}
{"time":"2026-06-24 17:55:08,944","level":"INFO","node":0,"msg":"Received update from node 4, round 2"}
{"time":"2026-06-24 17:55:08,945","level":"INFO","node":0,"msg":"Round 3 complete — aggregating"}
{"time":"2026-06-24 17:55:08,955","level":"INFO","node":0,"msg":"Broadcast weights to node 1"}
{"time":"2026-06-24 17:55:08,965","level":"INFO","node":0,"msg":"Broadcast weights to node 2"}
{"time":"2026-06-24 17:55:09,010","level":"INFO","node":0,"msg":"Broadcast weights to node 3"}
{"time":"2026-06-24 17:55:09,042","level":"INFO","node":0,"msg":"Broadcast weights to node 4"}
{"time":"2026-06-24 17:55:09,049","level":"INFO","node":0,"msg":"Round 3 complete | accuracy=0.6818"}
{"time":"2026-06-24 17:55:09,551","level":"INFO","node":0,"msg":"Starting round 4"}
{"time":"2026-06-24 17:55:11,977","level":"INFO","node":0,"msg":"Forwarded to http://127.0.0.1:8001"}
{"time":"2026-06-24 17:55:23,122","level":"INFO","node":0,"msg":"Received update from node 4, round 3"}
{"time":"2026-06-24 17:55:23,123","level":"INFO","node":0,"msg":"Round 4 complete — aggregating"}
{"time":"2026-06-24 17:55:23,152","level":"INFO","node":0,"msg":"Broadcast weights to node 1"}
{"time":"2026-06-24 17:55:23,198","level":"INFO","node":0,"msg":"Broadcast weights to node 2"}
{"time":"2026-06-24 17:55:23,230","level":"INFO","node":0,"msg":"Broadcast weights to node 3"}
{"time":"2026-06-24 17:55:23,262","level":"INFO","node":0,"msg":"Broadcast weights to node 4"}
{"time":"2026-06-24 17:55:23,277","level":"INFO","node":0,"msg":"Round 4 complete | accuracy=0.6818"}
{"time":"2026-06-24 17:55:23,780","level":"INFO","node":0,"msg":"Starting round 5"}
{"time":"2026-06-24 17:55:26,986","level":"INFO","node":0,"msg":"Forwarded to http://127.0.0.1:8001"}
{"time":"2026-06-24 17:55:38,251","level":"INFO","node":0,"msg":"Received update from node 4, round 4"}
{"time":"2026-06-24 17:55:38,251","level":"INFO","node":0,"msg":"Round 5 complete — aggregating"}
{"time":"2026-06-24 17:55:38,273","level":"INFO","node":0,"msg":"Broadcast weights to node 1"}
{"time":"2026-06-24 17:55:38,304","level":"INFO","node":0,"msg":"Broadcast weights to node 2"}
{"time":"2026-06-24 17:55:38,311","level":"INFO","node":0,"msg":"Broadcast weights to node 3"}
{"time":"2026-06-24 17:55:38,336","level":"INFO","node":0,"msg":"Broadcast weights to node 4"}
{"time":"2026-06-24 17:55:38,345","level":"INFO","node":0,"msg":"Round 5 complete | accuracy=0.6818"}
{"time":"2026-06-24 17:55:38,846","level":"INFO","node":0,"msg":"Starting round 6"}
{"time":"2026-06-24 17:55:42,286","level":"INFO","node":0,"msg":"Forwarded to http://127.0.0.1:8001"}
{"time":"2026-06-24 17:55:54,353","level":"INFO","node":0,"msg":"Received update from node 4, round 5"}
{"time":"2026-06-24 17:55:54,353","level":"INFO","node":0,"msg":"Round 6 complete — aggregating"}
{"time":"2026-06-24 17:55:54,387","level":"INFO","node":0,"msg":"Broadcast weights to node 1"}
{"time":"2026-06-24 17:55:54,419","level":"INFO","node":0,"msg":"Broadcast weights to node 2"}
{"time":"2026-06-24 17:55:54,450","level":"INFO","node":0,"msg":"Broadcast weights to node 3"}
{"time":"2026-06-24 17:55:54,481","level":"INFO","node":0,"msg":"Broadcast weights to node 4"}
{"time":"2026-06-24 17:55:54,490","level":"INFO","node":0,"msg":"Round 6 complete | accuracy=0.6818"}
{"time":"2026-06-24 17:55:54,992","level":"INFO","node":0,"msg":"Starting round 7"}
{"time":"2026-06-24 17:55:59,216","level":"INFO","node":0,"msg":"Forwarded to http://127.0.0.1:8001"}
{"time":"2026-06-24 17:56:13,300","level":"INFO","node":0,"msg":"Received update from node 4, round 6"}
{"time":"2026-06-24 17:56:13,300","level":"INFO","node":0,"msg":"Round 7 complete — aggregating"}
{"time":"2026-06-24 17:56:13,307","level":"INFO","node":0,"msg":"Broadcast weights to node 1"}
{"time":"2026-06-24 17:56:13,339","level":"INFO","node":0,"msg":"Broadcast weights to node 2"}
{"time":"2026-06-24 17:56:13,373","level":"INFO","node":0,"msg":"Broadcast weights to node 3"}
{"time":"2026-06-24 17:56:13,379","level":"INFO","node":0,"msg":"Broadcast weights to node 4"}
{"time":"2026-06-24 17:56:13,386","level":"INFO","node":0,"msg":"Round 7 complete | accuracy=0.6818"}
{"time":"2026-06-24 17:56:13,887","level":"INFO","node":0,"msg":"Starting round 8"}
{"time":"2026-06-24 17:56:16,680","level":"INFO","node":0,"msg":"Forwarded to http://127.0.0.1:8001"}
{"time":"2026-06-24 17:56:30,905","level":"INFO","node":0,"msg":"Received update from node 4, round 7"}
{"time":"2026-06-24 17:56:30,906","level":"INFO","node":0,"msg":"Round 8 complete — aggregating"}
{"time":"2026-06-24 17:56:30,938","level":"INFO","node":0,"msg":"Broadcast weights to node 1"}
{"time":"2026-06-24 17:56:30,970","level":"INFO","node":0,"msg":"Broadcast weights to node 2"}
{"time":"2026-06-24 17:56:31,005","level":"INFO","node":0,"msg":"Broadcast weights to node 3"}
{"time":"2026-06-24 17:56:31,016","level":"INFO","node":0,"msg":"Broadcast weights to node 4"}
{"time":"2026-06-24 17:56:31,024","level":"INFO","node":0,"msg":"Round 8 complete | accuracy=0.6818"}
{"time":"2026-06-24 17:56:31,526","level":"INFO","node":0,"msg":"Starting round 9"}
{"time":"2026-06-24 17:56:34,821","level":"INFO","node":0,"msg":"Forwarded to http://127.0.0.1:8001"}
{"time":"2026-06-24 17:56:46,789","level":"INFO","node":0,"msg":"Received update from node 4, round 8"}
{"time":"2026-06-24 17:56:46,789","level":"INFO","node":0,"msg":"Round 9 complete — aggregating"}
{"time":"2026-06-24 17:56:46,810","level":"INFO","node":0,"msg":"Broadcast weights to node 1"}
{"time":"2026-06-24 17:56:46,823","level":"INFO","node":0,"msg":"Broadcast weights to node 2"}
{"time":"2026-06-24 17:56:46,841","level":"INFO","node":0,"msg":"Broadcast weights to node 3"}
{"time":"2026-06-24 17:56:46,852","level":"INFO","node":0,"msg":"Broadcast weights to node 4"}
{"time":"2026-06-24 17:56:46,859","level":"INFO","node":0,"msg":"Round 9 complete | accuracy=0.6818"}
{"time":"2026-06-24 17:56:47,370","level":"INFO","node":0,"msg":"Starting round 10"}
{"time":"2026-06-24 17:56:50,011","level":"INFO","node":0,"msg":"Forwarded to http://127.0.0.1:8001"}
{"time":"2026-06-24 17:57:03,300","level":"INFO","node":0,"msg":"Received update from node 4, round 9"}
{"time":"2026-06-24 17:57:03,301","level":"INFO","node":0,"msg":"Round 10 complete — aggregating"}
{"time":"2026-06-24 17:57:03,315","level":"INFO","node":0,"msg":"Broadcast weights to node 1"}
{"time":"2026-06-24 17:57:03,327","level":"INFO","node":0,"msg":"Broadcast weights to node 2"}
{"time":"2026-06-24 17:57:03,362","level":"INFO","node":0,"msg":"Broadcast weights to node 3"}
{"time":"2026-06-24 17:57:03,374","level":"INFO","node":0,"msg":"Broadcast weights to node 4"}
{"time":"2026-06-24 17:57:03,382","level":"INFO","node":0,"msg":"Round 10 complete | accuracy=0.6818"}
{"time":"2026-06-24 17:57:03,883","level":"INFO","node":0,"msg":"Starting round 11"}
{"time":"2026-06-24 17:57:06,999","level":"INFO","node":0,"msg":"Forwarded to http://127.0.0.1:8001"}
{"time":"2026-06-24 17:57:20,649","level":"INFO","node":0,"msg":"Received update from node 4, round 10"}
{"time":"2026-06-24 17:57:20,649","level":"INFO","node":0,"msg":"Round 11 complete — aggregating"}
{"time":"2026-06-24 17:57:20,682","level":"INFO","node":0,"msg":"Broadcast weights to node 1"}
{"time":"2026-06-24 17:57:20,696","level":"INFO","node":0,"msg":"Broadcast weights to node 2"}
{"time":"2026-06-24 17:57:20,731","level":"INFO","node":0,"msg":"Broadcast weights to node 3"}
{"time":"2026-06-24 17:57:20,759","level":"INFO","node":0,"msg":"Broadcast weights to node 4"}
{"time":"2026-06-24 17:57:20,767","level":"INFO","node":0,"msg":"Round 11 complete | accuracy=0.6818"}
{"time":"2026-06-24 17:57:21,268","level":"INFO","node":0,"msg":"Starting round 12"}
{"time":"2026-06-24 17:57:24,550","level":"INFO","node":0,"msg":"Forwarded to http://127.0.0.1:8001"}
{"time":"2026-06-24 17:57:39,872","level":"INFO","node":0,"msg":"Received update from node 4, round 11"}
{"time":"2026-06-24 17:57:39,872","level":"INFO","node":0,"msg":"Round 12 complete — aggregating"}
{"time":"2026-06-24 17:57:39,885","level":"INFO","node":0,"msg":"Broadcast weights to node 1"}
{"time":"2026-06-24 17:57:39,897","level":"INFO","node":0,"msg":"Broadcast weights to node 2"}
{"time":"2026-06-24 17:57:39,920","level":"INFO","node":0,"msg":"Broadcast weights to node 3"}
{"time":"2026-06-24 17:57:39,950","level":"INFO","node":0,"msg":"Broadcast weights to node 4"}
{"time":"2026-06-24 17:57:39,957","level":"INFO","node":0,"msg":"Round 12 complete | accuracy=0.6818"}
{"time":"2026-06-24 17:57:40,458","level":"INFO","node":0,"msg":"Starting round 13"}
{"time":"2026-06-24 17:57:43,448","level":"INFO","node":0,"msg":"Forwarded to http://127.0.0.1:8001"}
{"time":"2026-06-24 17:57:55,624","level":"INFO","node":0,"msg":"Received update from node 4, round 12"}
{"time":"2026-06-24 17:57:55,624","level":"INFO","node":0,"msg":"Round 13 complete — aggregating"}
{"time":"2026-06-24 17:57:55,676","level":"INFO","node":0,"msg":"Broadcast weights to node 1"}
{"time":"2026-06-24 17:57:55,724","level":"INFO","node":0,"msg":"Broadcast weights to node 2"}
{"time":"2026-06-24 17:57:55,766","level":"INFO","node":0,"msg":"Broadcast weights to node 3"}
{"time":"2026-06-24 17:57:55,782","level":"INFO","node":0,"msg":"Broadcast weights to node 4"}
{"time":"2026-06-24 17:57:55,796","level":"INFO","node":0,"msg":"Round 13 complete | accuracy=0.6818"}
{"time":"2026-06-24 17:57:56,297","level":"INFO","node":0,"msg":"Starting round 14"}
{"time":"2026-06-24 17:57:59,044","level":"INFO","node":0,"msg":"Forwarded to http://127.0.0.1:8001"}
{"time":"2026-06-24 17:58:15,687","level":"INFO","node":0,"msg":"Received update from node 4, round 13"}
{"time":"2026-06-24 17:58:15,688","level":"INFO","node":0,"msg":"Round 14 complete — aggregating"}
{"time":"2026-06-24 17:58:15,720","level":"INFO","node":0,"msg":"Broadcast weights to node 1"}
{"time":"2026-06-24 17:58:15,754","level":"INFO","node":0,"msg":"Broadcast weights to node 2"}
{"time":"2026-06-24 17:58:15,784","level":"INFO","node":0,"msg":"Broadcast weights to node 3"}
{"time":"2026-06-24 17:58:15,821","level":"INFO","node":0,"msg":"Broadcast weights to node 4"}
{"time":"2026-06-24 17:58:15,828","level":"INFO","node":0,"msg":"Round 14 complete | accuracy=0.7000"}
{"time":"2026-06-24 17:58:16,330","level":"INFO","node":0,"msg":"Starting round 15"}
{"time":"2026-06-24 17:58:19,376","level":"INFO","node":0,"msg":"Forwarded to http://127.0.0.1:8001"}
{"time":"2026-06-24 17:58:49,774","level":"INFO","node":0,"msg":"Starting node 0: City General Hospital"}
{"time":"2026-06-24 17:58:54,322","level":"WARNING","node":0,"msg":"DEV MODE: running without TLS"}
{"time":"2026-06-24 17:58:54,323","level":"INFO","node":0,"msg":"Listening on 127.0.0.1:8000 | TLS=False"}
{"time":"2026-06-24 17:58:55,663","level":"INFO","node":0,"msg":"Starting round 1"}
{"time":"2026-06-24 17:58:58,574","level":"WARNING","node":0,"msg":"ZKP norm violation (clipping applied): Gradient norm violation: norm_sq=27187483255604 > bound=250000000000. Apply gradient clipping (C=0.5) before proving."}
{"time":"2026-06-24 17:59:01,297","level":"INFO","node":0,"msg":"Forwarded to http://127.0.0.1:8001"}
{"time":"2026-06-24 17:59:23,483","level":"INFO","node":0,"msg":"Received update from node 4, round 0"}
{"time":"2026-06-24 17:59:23,484","level":"INFO","node":0,"msg":"Round 1 complete — aggregating"}
{"time":"2026-06-24 17:59:23,502","level":"INFO","node":0,"msg":"Broadcast weights to node 1"}
{"time":"2026-06-24 17:59:23,519","level":"INFO","node":0,"msg":"Broadcast weights to node 2"}
{"time":"2026-06-24 17:59:23,540","level":"INFO","node":0,"msg":"Broadcast weights to node 3"}
{"time":"2026-06-24 17:59:23,573","level":"INFO","node":0,"msg":"Broadcast weights to node 4"}
{"time":"2026-06-24 17:59:23,585","level":"INFO","node":0,"msg":"Round 1 complete | accuracy=0.6909"}
{"time":"2026-06-24 17:59:24,087","level":"INFO","node":0,"msg":"Starting round 2"}
{"time":"2026-06-24 17:59:29,450","level":"INFO","node":0,"msg":"Forwarded to http://127.0.0.1:8001"}
{"time":"2026-06-24 17:59:53,810","level":"INFO","node":0,"msg":"Received update from node 4, round 1"}
{"time":"2026-06-24 17:59:53,811","level":"INFO","node":0,"msg":"Round 2 complete — aggregating"}
{"time":"2026-06-24 17:59:53,831","level":"INFO","node":0,"msg":"Broadcast weights to node 1"}
{"time":"2026-06-24 17:59:53,850","level":"INFO","node":0,"msg":"Broadcast weights to node 2"}
{"time":"2026-06-24 17:59:53,866","level":"INFO","node":0,"msg":"Broadcast weights to node 3"}
{"time":"2026-06-24 17:59:53,884","level":"INFO","node":0,"msg":"Broadcast weights to node 4"}
{"time":"2026-06-24 17:59:53,892","level":"INFO","node":0,"msg":"Round 2 complete | accuracy=0.6818"}
{"time":"2026-06-24 17:59:54,392","level":"INFO","node":0,"msg":"Starting round 3"}
{"time":"2026-06-24 18:00:00,942","level":"INFO","node":0,"msg":"Forwarded to http://127.0.0.1:8001"}
{"time":"2026-06-24 18:00:17,509","level":"INFO","node":0,"msg":"Received update from node 4, round 2"}
{"time":"2026-06-24 18:00:17,510","level":"INFO","node":0,"msg":"Round 3 complete — aggregating"}
{"time":"2026-06-24 18:00:17,545","level":"INFO","node":0,"msg":"Broadcast weights to node 1"}
{"time":"2026-06-24 18:00:17,578","level":"INFO","node":0,"msg":"Broadcast weights to node 2"}
{"time":"2026-06-24 18:00:17,607","level":"INFO","node":0,"msg":"Broadcast weights to node 3"}
{"time":"2026-06-24 18:00:17,654","level":"INFO","node":0,"msg":"Broadcast weights to node 4"}
{"time":"2026-06-24 18:00:17,659","level":"INFO","node":0,"msg":"Round 3 complete | accuracy=0.6818"}
{"time":"2026-06-24 18:00:18,161","level":"INFO","node":0,"msg":"Starting round 4"}
{"time":"2026-06-24 18:00:21,696","level":"INFO","node":0,"msg":"Forwarded to http://127.0.0.1:8001"}
{"time":"2026-06-24 18:00:35,173","level":"INFO","node":0,"msg":"Received update from node 4, round 3"}
{"time":"2026-06-24 18:00:35,174","level":"INFO","node":0,"msg":"Round 4 complete — aggregating"}
{"time":"2026-06-24 18:00:35,194","level":"INFO","node":0,"msg":"Broadcast weights to node 1"}
{"time":"2026-06-24 18:00:35,225","level":"INFO","node":0,"msg":"Broadcast weights to node 2"}
{"time":"2026-06-24 18:00:35,256","level":"INFO","node":0,"msg":"Broadcast weights to node 3"}
{"time":"2026-06-24 18:00:35,288","level":"INFO","node":0,"msg":"Broadcast weights to node 4"}
{"time":"2026-06-24 18:00:35,293","level":"INFO","node":0,"msg":"Round 4 complete | accuracy=0.6818"}
{"time":"2026-06-24 18:00:35,795","level":"INFO","node":0,"msg":"Starting round 5"}
{"time":"2026-06-24 18:00:38,893","level":"INFO","node":0,"msg":"Forwarded to http://127.0.0.1:8001"}
{"time":"2026-06-24 18:00:49,367","level":"INFO","node":0,"msg":"Received update from node 4, round 4"}
{"time":"2026-06-24 18:00:49,368","level":"INFO","node":0,"msg":"Round 5 complete — aggregating"}
{"time":"2026-06-24 18:00:49,379","level":"INFO","node":0,"msg":"Broadcast weights to node 1"}
{"time":"2026-06-24 18:00:49,403","level":"INFO","node":0,"msg":"Broadcast weights to node 2"}
{"time":"2026-06-24 18:00:49,433","level":"INFO","node":0,"msg":"Broadcast weights to node 3"}
{"time":"2026-06-24 18:00:49,463","level":"INFO","node":0,"msg":"Broadcast weights to node 4"}
{"time":"2026-06-24 18:00:49,468","level":"INFO","node":0,"msg":"Round 5 complete | accuracy=0.6818"}
{"time":"2026-06-24 18:00:49,969","level":"INFO","node":0,"msg":"Starting round 6"}
{"time":"2026-06-24 18:00:52,733","level":"INFO","node":0,"msg":"Forwarded to http://127.0.0.1:8001"}
{"time":"2026-06-24 18:01:04,042","level":"INFO","node":0,"msg":"Received update from node 4, round 5"}
{"time":"2026-06-24 18:01:04,043","level":"INFO","node":0,"msg":"Round 6 complete — aggregating"}
{"time":"2026-06-24 18:01:04,064","level":"INFO","node":0,"msg":"Broadcast weights to node 1"}
{"time":"2026-06-24 18:01:04,072","level":"INFO","node":0,"msg":"Broadcast weights to node 2"}
{"time":"2026-06-24 18:01:04,081","level":"INFO","node":0,"msg":"Broadcast weights to node 3"}
{"time":"2026-06-24 18:01:04,089","level":"INFO","node":0,"msg":"Broadcast weights to node 4"}
{"time":"2026-06-24 18:01:04,093","level":"INFO","node":0,"msg":"Round 6 complete | accuracy=0.6818"}
{"time":"2026-06-24 18:01:04,594","level":"INFO","node":0,"msg":"Starting round 7"}
{"time":"2026-06-24 18:01:07,964","level":"INFO","node":0,"msg":"Forwarded to http://127.0.0.1:8001"}
{"time":"2026-06-24 18:01:34,275","level":"INFO","node":0,"msg":"Received update from node 4, round 6"}
{"time":"2026-06-24 18:01:34,276","level":"INFO","node":0,"msg":"Round 7 complete — aggregating"}
{"time":"2026-06-24 18:01:34,299","level":"INFO","node":0,"msg":"Broadcast weights to node 1"}
{"time":"2026-06-24 18:01:34,315","level":"INFO","node":0,"msg":"Broadcast weights to node 2"}
{"time":"2026-06-24 18:01:34,345","level":"INFO","node":0,"msg":"Broadcast weights to node 3"}
{"time":"2026-06-24 18:01:34,360","level":"INFO","node":0,"msg":"Broadcast weights to node 4"}
{"time":"2026-06-24 18:01:34,367","level":"INFO","node":0,"msg":"Round 7 complete | accuracy=0.6818"}
{"time":"2026-06-24 18:01:34,869","level":"INFO","node":0,"msg":"Starting round 8"}
{"time":"2026-06-24 18:01:38,271","level":"INFO","node":0,"msg":"Forwarded to http://127.0.0.1:8001"}
{"time":"2026-06-24 18:01:51,725","level":"INFO","node":0,"msg":"Received update from node 4, round 7"}
{"time":"2026-06-24 18:01:51,725","level":"INFO","node":0,"msg":"Round 8 complete — aggregating"}
{"time":"2026-06-24 18:01:51,761","level":"INFO","node":0,"msg":"Broadcast weights to node 1"}
{"time":"2026-06-24 18:01:51,773","level":"INFO","node":0,"msg":"Broadcast weights to node 2"}
{"time":"2026-06-24 18:01:51,809","level":"INFO","node":0,"msg":"Broadcast weights to node 3"}
{"time":"2026-06-24 18:01:51,839","level":"INFO","node":0,"msg":"Broadcast weights to node 4"}
{"time":"2026-06-24 18:01:51,844","level":"INFO","node":0,"msg":"Round 8 complete | accuracy=0.6818"}
{"time":"2026-06-24 18:01:52,345","level":"INFO","node":0,"msg":"Starting round 9"}
{"time":"2026-06-24 18:01:55,515","level":"INFO","node":0,"msg":"Forwarded to http://127.0.0.1:8001"}
{"time":"2026-06-24 18:02:15,523","level":"INFO","node":0,"msg":"Received update from node 4, round 8"}
{"time":"2026-06-24 18:02:15,524","level":"INFO","node":0,"msg":"Round 9 complete — aggregating"}
{"time":"2026-06-24 18:02:15,538","level":"INFO","node":0,"msg":"Broadcast weights to node 1"}
{"time":"2026-06-24 18:02:15,553","level":"INFO","node":0,"msg":"Broadcast weights to node 2"}
{"time":"2026-06-24 18:02:15,592","level":"INFO","node":0,"msg":"Broadcast weights to node 3"}
{"time":"2026-06-24 18:02:15,620","level":"INFO","node":0,"msg":"Broadcast weights to node 4"}
{"time":"2026-06-24 18:02:15,631","level":"INFO","node":0,"msg":"Round 9 complete | accuracy=0.6818"}
{"time":"2026-06-24 18:02:16,132","level":"INFO","node":0,"msg":"Starting round 10"}
{"time":"2026-06-24 18:02:19,824","level":"INFO","node":0,"msg":"Forwarded to http://127.0.0.1:8001"}
{"time":"2026-06-24 18:02:33,836","level":"INFO","node":0,"msg":"Received update from node 4, round 9"}
{"time":"2026-06-24 18:02:33,836","level":"INFO","node":0,"msg":"Round 10 complete — aggregating"}
{"time":"2026-06-24 18:02:33,844","level":"INFO","node":0,"msg":"Broadcast weights to node 1"}
{"time":"2026-06-24 18:02:33,852","level":"INFO","node":0,"msg":"Broadcast weights to node 2"}
{"time":"2026-06-24 18:02:33,858","level":"INFO","node":0,"msg":"Broadcast weights to node 3"}
{"time":"2026-06-24 18:02:33,866","level":"INFO","node":0,"msg":"Broadcast weights to node 4"}
{"time":"2026-06-24 18:02:33,872","level":"INFO","node":0,"msg":"Round 10 complete | accuracy=0.6818"}
{"time":"2026-06-24 18:02:34,373","level":"INFO","node":0,"msg":"Starting round 11"}
{"time":"2026-06-24 18:02:36,945","level":"INFO","node":0,"msg":"Forwarded to http://127.0.0.1:8001"}
{"time":"2026-06-24 18:02:47,962","level":"INFO","node":0,"msg":"Received update from node 4, round 10"}
{"time":"2026-06-24 18:02:47,962","level":"INFO","node":0,"msg":"Round 11 complete — aggregating"}
{"time":"2026-06-24 18:02:47,969","level":"INFO","node":0,"msg":"Broadcast weights to node 1"}
{"time":"2026-06-24 18:02:47,989","level":"INFO","node":0,"msg":"Broadcast weights to node 2"}
{"time":"2026-06-24 18:02:48,019","level":"INFO","node":0,"msg":"Broadcast weights to node 3"}
{"time":"2026-06-24 18:02:48,044","level":"INFO","node":0,"msg":"Broadcast weights to node 4"}
{"time":"2026-06-24 18:02:48,052","level":"INFO","node":0,"msg":"Round 11 complete | accuracy=0.6818"}
{"time":"2026-06-24 18:02:48,553","level":"INFO","node":0,"msg":"Starting round 12"}
{"time":"2026-06-24 18:02:51,352","level":"INFO","node":0,"msg":"Forwarded to http://127.0.0.1:8001"}
{"time":"2026-06-24 18:03:01,403","level":"INFO","node":0,"msg":"Received update from node 4, round 11"}
{"time":"2026-06-24 18:03:01,403","level":"INFO","node":0,"msg":"Round 12 complete — aggregating"}
{"time":"2026-06-24 18:03:01,440","level":"INFO","node":0,"msg":"Broadcast weights to node 1"}
{"time":"2026-06-24 18:03:01,451","level":"INFO","node":0,"msg":"Broadcast weights to node 2"}
{"time":"2026-06-24 18:03:01,485","level":"INFO","node":0,"msg":"Broadcast weights to node 3"}
{"time":"2026-06-24 18:03:01,515","level":"INFO","node":0,"msg":"Broadcast weights to node 4"}
{"time":"2026-06-24 18:03:01,523","level":"INFO","node":0,"msg":"Round 12 complete | accuracy=0.6818"}
{"time":"2026-06-24 18:03:02,025","level":"INFO","node":0,"msg":"Starting round 13"}
{"time":"2026-06-24 18:03:04,641","level":"INFO","node":0,"msg":"Forwarded to http://127.0.0.1:8001"}
{"time":"2026-06-24 18:03:16,669","level":"INFO","node":0,"msg":"Received update from node 4, round 12"}
{"time":"2026-06-24 18:03:16,669","level":"INFO","node":0,"msg":"Round 13 complete — aggregating"}
{"time":"2026-06-24 18:03:16,676","level":"INFO","node":0,"msg":"Broadcast weights to node 1"}
{"time":"2026-06-24 18:03:16,700","level":"INFO","node":0,"msg":"Broadcast weights to node 2"}
{"time":"2026-06-24 18:03:16,732","level":"INFO","node":0,"msg":"Broadcast weights to node 3"}
{"time":"2026-06-24 18:03:16,763","level":"INFO","node":0,"msg":"Broadcast weights to node 4"}
{"time":"2026-06-24 18:03:16,770","level":"INFO","node":0,"msg":"Round 13 complete | accuracy=0.7000"}
{"time":"2026-06-24 18:03:17,271","level":"INFO","node":0,"msg":"Starting round 14"}
{"time":"2026-06-24 18:03:19,791","level":"INFO","node":0,"msg":"Forwarded to http://127.0.0.1:8001"}
{"time":"2026-06-24 18:03:33,577","level":"INFO","node":0,"msg":"Received update from node 4, round 13"}
{"time":"2026-06-24 18:03:33,577","level":"INFO","node":0,"msg":"Round 14 complete — aggregating"}
{"time":"2026-06-24 18:03:33,593","level":"INFO","node":0,"msg":"Broadcast weights to node 1"}
{"time":"2026-06-24 18:03:33,604","level":"INFO","node":0,"msg":"Broadcast weights to node 2"}
{"time":"2026-06-24 18:03:33,628","level":"INFO","node":0,"msg":"Broadcast weights to node 3"}
{"time":"2026-06-24 18:03:33,661","level":"INFO","node":0,"msg":"Broadcast weights to node 4"}
{"time":"2026-06-24 18:03:33,673","level":"INFO","node":0,"msg":"Round 14 complete | accuracy=0.7000"}
{"time":"2026-06-24 18:03:34,174","level":"INFO","node":0,"msg":"Starting round 15"}
{"time":"2026-06-24 18:03:38,292","level":"INFO","node":0,"msg":"Forwarded to http://127.0.0.1:8001"}
{"time":"2026-06-24 18:03:58,255","level":"INFO","node":0,"msg":"Received update from node 4, round 14"}
{"time":"2026-06-24 18:03:58,255","level":"INFO","node":0,"msg":"Round 15 complete — aggregating"}
{"time":"2026-06-24 18:03:58,288","level":"INFO","node":0,"msg":"Broadcast weights to node 1"}
{"time":"2026-06-24 18:03:58,326","level":"INFO","node":0,"msg":"Broadcast weights to node 2"}
{"time":"2026-06-24 18:03:58,346","level":"INFO","node":0,"msg":"Broadcast weights to node 3"}
{"time":"2026-06-24 18:03:58,377","level":"INFO","node":0,"msg":"Broadcast weights to node 4"}
{"time":"2026-06-24 18:03:58,385","level":"INFO","node":0,"msg":"Round 15 complete | accuracy=0.7273"}
{"time":"2026-06-24 18:03:58,886","level":"INFO","node":0,"msg":"Starting round 16"}
{"time":"2026-06-24 18:04:04,377","level":"INFO","node":0,"msg":"Forwarded to http://127.0.0.1:8001"}
{"time":"2026-06-24 18:04:27,202","level":"INFO","node":0,"msg":"Received update from node 4, round 15"}
{"time":"2026-06-24 18:04:27,203","level":"INFO","node":0,"msg":"Round 16 complete — aggregating"}
{"time":"2026-06-24 18:04:27,233","level":"INFO","node":0,"msg":"Broadcast weights to node 1"}
{"time":"2026-06-24 18:04:27,251","level":"INFO","node":0,"msg":"Broadcast weights to node 2"}
{"time":"2026-06-24 18:04:27,270","level":"INFO","node":0,"msg":"Broadcast weights to node 3"}
{"time":"2026-06-24 18:04:27,286","level":"INFO","node":0,"msg":"Broadcast weights to node 4"}
{"time":"2026-06-24 18:04:27,298","level":"INFO","node":0,"msg":"Round 16 complete | accuracy=0.7364"}
{"time":"2026-06-24 18:04:27,799","level":"INFO","node":0,"msg":"Starting round 17"}
{"time":"2026-06-24 18:04:33,775","level":"INFO","node":0,"msg":"Forwarded to http://127.0.0.1:8001"}
{"time":"2026-06-24 18:04:52,531","level":"INFO","node":0,"msg":"Received update from node 4, round 16"}
{"time":"2026-06-24 18:04:52,531","level":"INFO","node":0,"msg":"Round 17 complete — aggregating"}
{"time":"2026-06-24 18:04:52,565","level":"INFO","node":0,"msg":"Broadcast weights to node 1"}
{"time":"2026-06-24 18:04:52,574","level":"INFO","node":0,"msg":"Broadcast weights to node 2"}
{"time":"2026-06-24 18:04:52,596","level":"INFO","node":0,"msg":"Broadcast weights to node 3"}
{"time":"2026-06-24 18:04:52,604","level":"INFO","node":0,"msg":"Broadcast weights to node 4"}
{"time":"2026-06-24 18:04:52,608","level":"INFO","node":0,"msg":"Round 17 complete | accuracy=0.7273"}
{"time":"2026-06-24 18:04:53,109","level":"INFO","node":0,"msg":"Starting round 18"}
{"time":"2026-06-24 18:04:55,642","level":"INFO","node":0,"msg":"Forwarded to http://127.0.0.1:8001"}
{"time":"2026-06-24 18:05:08,127","level":"INFO","node":0,"msg":"Received update from node 4, round 17"}
{"time":"2026-06-24 18:05:08,128","level":"INFO","node":0,"msg":"Round 18 complete — aggregating"}
{"time":"2026-06-24 18:05:08,162","level":"INFO","node":0,"msg":"Broadcast weights to node 1"}
{"time":"2026-06-24 18:05:08,205","level":"INFO","node":0,"msg":"Broadcast weights to node 2"}
{"time":"2026-06-24 18:05:08,237","level":"INFO","node":0,"msg":"Broadcast weights to node 3"}
{"time":"2026-06-24 18:05:08,252","level":"INFO","node":0,"msg":"Broadcast weights to node 4"}
{"time":"2026-06-24 18:05:08,256","level":"INFO","node":0,"msg":"Round 18 complete | accuracy=0.7091"}
{"time":"2026-06-24 18:05:08,757","level":"INFO","node":0,"msg":"Starting round 19"}
{"time":"2026-06-24 18:05:11,654","level":"INFO","node":0,"msg":"Forwarded to http://127.0.0.1:8001"}
{"time":"2026-06-24 18:05:22,744","level":"INFO","node":0,"msg":"Received update from node 4, round 18"}
{"time":"2026-06-24 18:05:22,745","level":"INFO","node":0,"msg":"Round 19 complete — aggregating"}
{"time":"2026-06-24 18:05:22,779","level":"INFO","node":0,"msg":"Broadcast weights to node 1"}
{"time":"2026-06-24 18:05:22,812","level":"INFO","node":0,"msg":"Broadcast weights to node 2"}
{"time":"2026-06-24 18:05:22,843","level":"INFO","node":0,"msg":"Broadcast weights to node 3"}
{"time":"2026-06-24 18:05:22,874","level":"INFO","node":0,"msg":"Broadcast weights to node 4"}
{"time":"2026-06-24 18:05:22,881","level":"INFO","node":0,"msg":"Round 19 complete | accuracy=0.7091"}
{"time":"2026-06-24 18:05:23,382","level":"INFO","node":0,"msg":"Starting round 20"}
{"time":"2026-06-24 18:05:25,982","level":"INFO","node":0,"msg":"Forwarded to http://127.0.0.1:8001"}
{"time":"2026-06-24 18:05:40,143","level":"INFO","node":0,"msg":"Received update from node 4, round 19"}
{"time":"2026-06-24 18:05:40,144","level":"INFO","node":0,"msg":"Round 20 complete — aggregating"}
{"time":"2026-06-24 18:05:40,182","level":"INFO","node":0,"msg":"Broadcast weights to node 1"}
{"time":"2026-06-24 18:05:40,196","level":"INFO","node":0,"msg":"Broadcast weights to node 2"}
{"time":"2026-06-24 18:05:40,226","level":"INFO","node":0,"msg":"Broadcast weights to node 3"}
{"time":"2026-06-24 18:05:40,239","level":"INFO","node":0,"msg":"Broadcast weights to node 4"}
{"time":"2026-06-24 18:05:40,253","level":"INFO","node":0,"msg":"Round 20 complete | accuracy=0.6909"}
{"time":"2026-06-24 18:05:40,253","level":"INFO","node":0,"msg":"Training complete after 20 rounds"}
